[ 2014-03-22T23:25:30+08:00 ] 121.8.171.179 /index.php/Admin/Link/add
NOTIC: [2] mkdir(): File exists /www/ApacalBlog/ThinkPHP/Common/build.php 第 34 行.
INFO: [ app_init ] --START--
INFO: Run Behavior\BuildLiteBehavior [ RunTime:0.000020s ]
INFO: [ app_init ] --END-- [ RunTime:0.000114s ]
INFO: [ app_begin ] --START--
INFO: Run Behavior\ReadHtmlCacheBehavior [ RunTime:0.000054s ]
INFO: [ app_begin ] --END-- [ RunTime:0.000106s ]
NOTIC: [2] Missing argument 1 for Admin\Controller\CommonController::setNavList(), called in /www/ApacalBlog/Application/Admin/Controller/CommonController.class.php on line 32 and defined /www/ApacalBlog/Application/Admin/Controller/CommonController.class.php 第 173 行.
SQL: SHOW COLUMNS FROM `ablg_model` [ RunTime:0.000572s ]
SQL: SELECT `id` FROM `ablg_model` WHERE ( `mcontroller` = 'Link' ) LIMIT 1   [ RunTime:0.000067s ]
INFO: [ view_parse ] --START--
INFO: [ template_filter ] --START--
INFO: Run Behavior\ContentReplaceBehavior [ RunTime:0.000143s ]
INFO: [ template_filter ] --END-- [ RunTime:0.000213s ]
NOTIC: [8] Undefined variable: keywords /www/ApacalBlog/Application/Runtime/Cache/Admin/126ffbd9a4fc949e34c5855ffd41cb5f.php 第 6 行.
NOTIC: [8] Undefined variable: description /www/ApacalBlog/Application/Runtime/Cache/Admin/126ffbd9a4fc949e34c5855ffd41cb5f.php 第 7 行.
NOTIC: [8] Undefined variable: vo /www/ApacalBlog/Application/Runtime/Cache/Admin/126ffbd9a4fc949e34c5855ffd41cb5f.php 第 591 行.
NOTIC: [8] Undefined variable: vo /www/ApacalBlog/Application/Runtime/Cache/Admin/126ffbd9a4fc949e34c5855ffd41cb5f.php 第 599 行.
NOTIC: [8] Undefined variable: vo /www/ApacalBlog/Application/Runtime/Cache/Admin/126ffbd9a4fc949e34c5855ffd41cb5f.php 第 607 行.
NOTIC: [8] Undefined variable: vo /www/ApacalBlog/Application/Runtime/Cache/Admin/126ffbd9a4fc949e34c5855ffd41cb5f.php 第 656 行.
INFO: Run Behavior\ParseTemplateBehavior [ RunTime:0.009814s ]
INFO: [ view_parse ] --END-- [ RunTime:0.009867s ]
INFO: [ view_filter ] --START--
INFO: Run Behavior\WriteHtmlCacheBehavior [ RunTime:0.000059s ]
INFO: [ view_filter ] --END-- [ RunTime:0.000103s ]
INFO: [ app_end ] --START--
INFO: Run Behavior\ShowPageTraceBehavior [ RunTime:0.000061s ]
INFO: [ app_end ] --END-- [ RunTime:0.000126s ]

