[ 2014-03-23T15:26:14+08:00 ] 121.8.171.179 /index.php/Home/Article/index/cid/1.html
NOTIC: [2] mkdir(): File exists /www/ApacalBlog/ThinkPHP/Common/build.php 第 34 行.
INFO: [ app_init ] --START--
INFO: Run Behavior\BuildLiteBehavior [ RunTime:0.000014s ]
INFO: [ app_init ] --END-- [ RunTime:0.000074s ]
INFO: [ app_begin ] --START--
INFO: Run Behavior\ReadHtmlCacheBehavior [ RunTime:0.000055s ]
INFO: [ app_begin ] --END-- [ RunTime:0.000106s ]
SQL: SHOW COLUMNS FROM `ablg_category` [ RunTime:0.000717s ]
SQL: SELECT * FROM `ablg_category` WHERE ( `status` = 1 ) AND ( `pid` = 0 ) ORDER BY sort DESC  [ RunTime:0.000092s ]
SQL: SHOW COLUMNS FROM `ablg_model` [ RunTime:0.000390s ]
SQL: SELECT `mcontroller` FROM `ablg_model` WHERE ( 1=1 AND id='1' ) LIMIT 1   [ RunTime:0.000066s ]
SQL: SELECT `mcontroller` FROM `ablg_model` WHERE ( 1=1 AND id='1' ) LIMIT 1   [ RunTime:0.000065s ]
SQL: SELECT `mcontroller` FROM `ablg_model` WHERE ( 1=1 AND id='1' ) LIMIT 1   [ RunTime:0.000063s ]
SQL: SELECT `mcontroller` FROM `ablg_model` WHERE ( 1=1 AND id='1' ) LIMIT 1   [ RunTime:0.000082s ]
SQL: SELECT `mcontroller` FROM `ablg_model` WHERE ( 1=1 AND id='1' ) LIMIT 1   [ RunTime:0.000062s ]
SQL: SELECT `mcontroller` FROM `ablg_model` WHERE ( 1=1 AND id='1' ) LIMIT 1   [ RunTime:0.000063s ]
SQL: SELECT * FROM `ablg_category` WHERE ( `status` = 1 ) AND ( `pid` = 1 ) ORDER BY sort DESC  [ RunTime:0.000069s ]
SQL: SELECT * FROM `ablg_category` WHERE ( `status` = 1 ) AND ( `pid` = 5 ) ORDER BY sort DESC  [ RunTime:0.000069s ]
SQL: SELECT * FROM `ablg_category` WHERE ( `status` = 1 ) AND ( `pid` = 6 ) ORDER BY sort DESC  [ RunTime:0.000069s ]
SQL: SELECT * FROM `ablg_category` WHERE ( `status` = 1 ) AND ( `pid` = 2 ) ORDER BY sort DESC  [ RunTime:0.000067s ]
SQL: SELECT * FROM `ablg_category` WHERE ( `status` = 1 ) AND ( `pid` = 3 ) ORDER BY sort DESC  [ RunTime:0.000068s ]
SQL: SELECT * FROM `ablg_category` WHERE ( `status` = 1 ) AND ( `pid` = 4 ) ORDER BY sort DESC  [ RunTime:0.000085s ]
SQL: SHOW COLUMNS FROM `ablg_link` [ RunTime:0.000522s ]
SQL: SELECT * FROM `ablg_link` WHERE ( `status` = 1 ) ORDER BY sort DESC, createtime DESC  [ RunTime:0.000072s ]
SQL: SHOW COLUMNS FROM `ablg_category` [ RunTime:0.000515s ]
SQL: SELECT `id` FROM `ablg_category` WHERE ( `id` = 1 ) AND ( `status` = 1 ) LIMIT 1   [ RunTime:0.000068s ]
SQL: SHOW COLUMNS FROM `ablg_article` [ RunTime:0.000585s ]
SQL: SELECT `id` FROM `ablg_category` WHERE ( `status` = 1 ) AND ( `pid` = 1 )  [ RunTime:0.000068s ]
SQL: SELECT `id`,`property`,`image`,`cid`,`keywords`,`description`,`createtime`,`updatetime`,`click`,`sort`,`title`,`is_check`,`adminid`,`status`,`source`,`source_link` FROM `ablg_article` WHERE ( `cid` IN (1) ) AND ( `status` = 1 ) ORDER BY sort DESC, createtime DESC LIMIT 12   [ RunTime:0.000093s ]
SQL: SELECT `cname` FROM `ablg_category` WHERE ( 1=1 AND id='1' ) LIMIT 1   [ RunTime:0.000064s ]
SQL: SHOW COLUMNS FROM `ablg_admin` [ RunTime:0.000510s ]
SQL: SELECT `adminname` FROM `ablg_admin` WHERE ( 1=1 AND adminid='3' ) LIMIT 1   [ RunTime:0.000065s ]
SQL: SELECT `cname` FROM `ablg_category` WHERE ( 1=1 AND id='1' ) LIMIT 1   [ RunTime:0.000062s ]
SQL: SELECT `adminname` FROM `ablg_admin` WHERE ( 1=1 AND adminid='3' ) LIMIT 1   [ RunTime:0.000062s ]
SQL: SELECT `cname` FROM `ablg_category` WHERE ( 1=1 AND id='1' ) LIMIT 1   [ RunTime:0.000064s ]
SQL: SELECT `adminname` FROM `ablg_admin` WHERE ( 1=1 AND adminid='3' ) LIMIT 1   [ RunTime:0.000062s ]
SQL: SELECT `cname` FROM `ablg_category` WHERE ( 1=1 AND id='1' ) LIMIT 1   [ RunTime:0.000062s ]
SQL: SELECT `adminname` FROM `ablg_admin` WHERE ( 1=1 AND adminid='3' ) LIMIT 1   [ RunTime:0.000061s ]
SQL: SELECT `cname` FROM `ablg_category` WHERE ( 1=1 AND id='1' ) LIMIT 1   [ RunTime:0.000071s ]
SQL: SELECT `adminname` FROM `ablg_admin` WHERE ( 1=1 AND adminid='1' ) LIMIT 1   [ RunTime:0.000061s ]
SQL: SELECT `cname` FROM `ablg_category` WHERE ( 1=1 AND id='1' ) LIMIT 1   [ RunTime:0.000062s ]
SQL: SELECT `adminname` FROM `ablg_admin` WHERE ( 1=1 AND adminid='1' ) LIMIT 1   [ RunTime:0.000059s ]
SQL: SELECT `cname` FROM `ablg_category` WHERE ( 1=1 AND id='1' ) LIMIT 1   [ RunTime:0.000060s ]
SQL: SELECT `adminname` FROM `ablg_admin` WHERE ( 1=1 AND adminid='1' ) LIMIT 1   [ RunTime:0.000060s ]
SQL: SELECT `cname` FROM `ablg_category` WHERE ( 1=1 AND id='1' ) LIMIT 1   [ RunTime:0.000061s ]
SQL: SELECT `adminname` FROM `ablg_admin` WHERE ( 1=1 AND adminid='1' ) LIMIT 1   [ RunTime:0.000059s ]
SQL: SELECT `cname` FROM `ablg_category` WHERE ( 1=1 AND id='1' ) LIMIT 1   [ RunTime:0.000061s ]
SQL: SELECT `adminname` FROM `ablg_admin` WHERE ( 1=1 AND adminid='1' ) LIMIT 1   [ RunTime:0.000069s ]
SQL: SELECT `cname` FROM `ablg_category` WHERE ( 1=1 AND id='1' ) LIMIT 1   [ RunTime:0.000062s ]
SQL: SELECT `adminname` FROM `ablg_admin` WHERE ( 1=1 AND adminid='1' ) LIMIT 1   [ RunTime:0.000060s ]
SQL: SELECT `cname` FROM `ablg_category` WHERE ( 1=1 AND id='1' ) LIMIT 1   [ RunTime:0.000062s ]
SQL: SELECT `adminname` FROM `ablg_admin` WHERE ( 1=1 AND adminid='1' ) LIMIT 1   [ RunTime:0.000060s ]
SQL: SELECT `cname` FROM `ablg_category` WHERE ( 1=1 AND id='1' ) LIMIT 1   [ RunTime:0.000062s ]
SQL: SELECT `adminname` FROM `ablg_admin` WHERE ( 1=1 AND adminid='1' ) LIMIT 1   [ RunTime:0.000060s ]
SQL: SELECT * FROM `ablg_category` WHERE ( `id` = 1 ) LIMIT 1   [ RunTime:0.000067s ]
SQL: SHOW COLUMNS FROM `ablg_admin` [ RunTime:0.000520s ]
SQL: SELECT * FROM `ablg_admin` WHERE ( `adminid` = 3 ) LIMIT 1   [ RunTime:0.000067s ]
SQL: SELECT `id` FROM `ablg_category` WHERE ( `status` = 1 ) AND ( `pid` = 1 )  [ RunTime:0.000063s ]
SQL: SELECT * FROM `ablg_article` WHERE ( `status` = 1 ) AND ( `cid` IN (1) ) ORDER BY sort DESC, click DESC LIMIT 20   [ RunTime:0.000372s ]
SQL: SELECT `cname` FROM `ablg_category` WHERE ( 1=1 AND id='1' ) LIMIT 1   [ RunTime:0.000064s ]
SQL: SELECT `adminname` FROM `ablg_admin` WHERE ( 1=1 AND adminid='3' ) LIMIT 1   [ RunTime:0.000062s ]
SQL: SELECT `cname` FROM `ablg_category` WHERE ( 1=1 AND id='1' ) LIMIT 1   [ RunTime:0.000061s ]
SQL: SELECT `adminname` FROM `ablg_admin` WHERE ( 1=1 AND adminid='1' ) LIMIT 1   [ RunTime:0.000060s ]
SQL: SELECT `cname` FROM `ablg_category` WHERE ( 1=1 AND id='1' ) LIMIT 1   [ RunTime:0.000065s ]
SQL: SELECT `adminname` FROM `ablg_admin` WHERE ( 1=1 AND adminid='1' ) LIMIT 1   [ RunTime:0.000080s ]
SQL: SELECT `cname` FROM `ablg_category` WHERE ( 1=1 AND id='1' ) LIMIT 1   [ RunTime:0.000061s ]
SQL: SELECT `adminname` FROM `ablg_admin` WHERE ( 1=1 AND adminid='1' ) LIMIT 1   [ RunTime:0.000060s ]
SQL: SELECT `cname` FROM `ablg_category` WHERE ( 1=1 AND id='1' ) LIMIT 1   [ RunTime:0.000061s ]
SQL: SELECT `adminname` FROM `ablg_admin` WHERE ( 1=1 AND adminid='3' ) LIMIT 1   [ RunTime:0.000069s ]
SQL: SELECT `cname` FROM `ablg_category` WHERE ( 1=1 AND id='1' ) LIMIT 1   [ RunTime:0.000061s ]
SQL: SELECT `adminname` FROM `ablg_admin` WHERE ( 1=1 AND adminid='1' ) LIMIT 1   [ RunTime:0.000061s ]
SQL: SELECT `cname` FROM `ablg_category` WHERE ( 1=1 AND id='1' ) LIMIT 1   [ RunTime:0.000061s ]
SQL: SELECT `adminname` FROM `ablg_admin` WHERE ( 1=1 AND adminid='1' ) LIMIT 1   [ RunTime:0.000060s ]
SQL: SELECT `cname` FROM `ablg_category` WHERE ( 1=1 AND id='1' ) LIMIT 1   [ RunTime:0.000061s ]
SQL: SELECT `adminname` FROM `ablg_admin` WHERE ( 1=1 AND adminid='1' ) LIMIT 1   [ RunTime:0.000059s ]
SQL: SELECT `cname` FROM `ablg_category` WHERE ( 1=1 AND id='1' ) LIMIT 1   [ RunTime:0.000061s ]
SQL: SELECT `adminname` FROM `ablg_admin` WHERE ( 1=1 AND adminid='1' ) LIMIT 1   [ RunTime:0.000059s ]
SQL: SELECT `cname` FROM `ablg_category` WHERE ( 1=1 AND id='1' ) LIMIT 1   [ RunTime:0.000069s ]
SQL: SELECT `adminname` FROM `ablg_admin` WHERE ( 1=1 AND adminid='1' ) LIMIT 1   [ RunTime:0.000059s ]
SQL: SELECT `cname` FROM `ablg_category` WHERE ( 1=1 AND id='1' ) LIMIT 1   [ RunTime:0.000061s ]
SQL: SELECT `adminname` FROM `ablg_admin` WHERE ( 1=1 AND adminid='1' ) LIMIT 1   [ RunTime:0.000059s ]
SQL: SELECT `cname` FROM `ablg_category` WHERE ( 1=1 AND id='1' ) LIMIT 1   [ RunTime:0.000061s ]
SQL: SELECT `adminname` FROM `ablg_admin` WHERE ( 1=1 AND adminid='1' ) LIMIT 1   [ RunTime:0.000060s ]
SQL: SELECT `cname` FROM `ablg_category` WHERE ( 1=1 AND id='1' ) LIMIT 1   [ RunTime:0.000062s ]
SQL: SELECT `adminname` FROM `ablg_admin` WHERE ( 1=1 AND adminid='1' ) LIMIT 1   [ RunTime:0.000060s ]
SQL: SELECT `cname` FROM `ablg_category` WHERE ( 1=1 AND id='1' ) LIMIT 1   [ RunTime:0.000060s ]
SQL: SELECT `adminname` FROM `ablg_admin` WHERE ( 1=1 AND adminid='1' ) LIMIT 1   [ RunTime:0.000066s ]
SQL: SELECT `cname` FROM `ablg_category` WHERE ( 1=1 AND id='1' ) LIMIT 1   [ RunTime:0.000061s ]
SQL: SELECT `adminname` FROM `ablg_admin` WHERE ( 1=1 AND adminid='1' ) LIMIT 1   [ RunTime:0.000103s ]
SQL: SELECT `cname` FROM `ablg_category` WHERE ( 1=1 AND id='1' ) LIMIT 1   [ RunTime:0.000085s ]
SQL: SELECT `adminname` FROM `ablg_admin` WHERE ( 1=1 AND adminid='1' ) LIMIT 1   [ RunTime:0.000066s ]
SQL: SELECT `cname` FROM `ablg_category` WHERE ( 1=1 AND id='1' ) LIMIT 1   [ RunTime:0.000065s ]
SQL: SELECT `adminname` FROM `ablg_admin` WHERE ( 1=1 AND adminid='3' ) LIMIT 1   [ RunTime:0.000063s ]
SQL: SELECT `cname` FROM `ablg_category` WHERE ( 1=1 AND id='1' ) LIMIT 1   [ RunTime:0.000064s ]
SQL: SELECT `adminname` FROM `ablg_admin` WHERE ( 1=1 AND adminid='1' ) LIMIT 1   [ RunTime:0.000061s ]
SQL: SELECT `cname` FROM `ablg_category` WHERE ( 1=1 AND id='1' ) LIMIT 1   [ RunTime:0.000062s ]
SQL: SELECT `adminname` FROM `ablg_admin` WHERE ( 1=1 AND adminid='3' ) LIMIT 1   [ RunTime:0.000062s ]
SQL: SELECT `id` FROM `ablg_category` WHERE ( `status` = 1 ) AND ( `pid` = 1 )  [ RunTime:0.000064s ]
SQL: SHOW COLUMNS FROM `ablg_article` [ RunTime:0.000703s ]
SQL: SELECT COUNT(*) AS tp_count FROM `ablg_article` WHERE ( `status` = 1 ) AND ( `cid` IN (1) ) LIMIT 1   [ RunTime:0.000082s ]
SQL: SELECT * FROM `ablg_category` WHERE ( `id` = 1 ) LIMIT 1   [ RunTime:0.000070s ]
INFO: [ view_parse ] --START--
INFO: [ template_filter ] --START--
INFO: Run Behavior\ContentReplaceBehavior [ RunTime:0.000136s ]
INFO: [ template_filter ] --END-- [ RunTime:0.000201s ]
NOTIC: [8] Use of undefined constant THUMB_PREFIX - assumed 'THUMB_PREFIX' /www/ApacalBlog/Application/Common/Common/function.php 第 15 行.
NOTIC: [8] Use of undefined constant THUMB_PREFIX - assumed 'THUMB_PREFIX' /www/ApacalBlog/Application/Common/Common/function.php 第 15 行.
NOTIC: [8] Use of undefined constant THUMB_PREFIX - assumed 'THUMB_PREFIX' /www/ApacalBlog/Application/Common/Common/function.php 第 15 行.
NOTIC: [8] Use of undefined constant THUMB_PREFIX - assumed 'THUMB_PREFIX' /www/ApacalBlog/Application/Common/Common/function.php 第 15 行.
NOTIC: [8] Use of undefined constant THUMB_PREFIX - assumed 'THUMB_PREFIX' /www/ApacalBlog/Application/Common/Common/function.php 第 15 行.
INFO: Run Behavior\ParseTemplateBehavior [ RunTime:0.018378s ]
INFO: [ view_parse ] --END-- [ RunTime:0.018445s ]
INFO: [ view_filter ] --START--
INFO: Run Behavior\WriteHtmlCacheBehavior [ RunTime:0.000053s ]
INFO: [ view_filter ] --END-- [ RunTime:0.000099s ]
INFO: [ app_end ] --START--
INFO: Run Behavior\ShowPageTraceBehavior [ RunTime:0.000057s ]
INFO: [ app_end ] --END-- [ RunTime:0.000113s ]

[ 2014-03-23T15:26:15+08:00 ] 121.8.171.179 /index.php/Admin/Article/manage
INFO: [ app_init ] --START--
INFO: Run Behavior\BuildLiteBehavior [ RunTime:0.000014s ]
INFO: [ app_init ] --END-- [ RunTime:0.000077s ]
INFO: [ app_begin ] --START--
INFO: Run Behavior\ReadHtmlCacheBehavior [ RunTime:0.000051s ]
INFO: [ app_begin ] --END-- [ RunTime:0.000102s ]
SQL: SHOW COLUMNS FROM `ablg_article` [ RunTime:0.001119s ]
SQL: SELECT * FROM `ablg_article` ORDER BY createtime DESC  [ RunTime:0.000635s ]
SQL: SHOW COLUMNS FROM `ablg_category` [ RunTime:0.000710s ]
SQL: SELECT `cname` FROM `ablg_category` WHERE ( `id` = 1 ) LIMIT 1   [ RunTime:0.000086s ]
SQL: SELECT `cname` FROM `ablg_category` WHERE ( `id` = 1 ) LIMIT 1   [ RunTime:0.000082s ]
SQL: SELECT `cname` FROM `ablg_category` WHERE ( `id` = 3 ) LIMIT 1   [ RunTime:0.000081s ]
SQL: SELECT `cname` FROM `ablg_category` WHERE ( `id` = 2 ) LIMIT 1   [ RunTime:0.000082s ]
SQL: SELECT `cname` FROM `ablg_category` WHERE ( `id` = 6 ) LIMIT 1   [ RunTime:0.000078s ]
SQL: SELECT `cname` FROM `ablg_category` WHERE ( `id` = 1 ) LIMIT 1   [ RunTime:0.000078s ]
SQL: SELECT `cname` FROM `ablg_category` WHERE ( `id` = 2 ) LIMIT 1   [ RunTime:0.000080s ]
SQL: SELECT `cname` FROM `ablg_category` WHERE ( `id` = 6 ) LIMIT 1   [ RunTime:0.000077s ]
SQL: SELECT `cname` FROM `ablg_category` WHERE ( `id` = 5 ) LIMIT 1   [ RunTime:0.000105s ]
SQL: SELECT `cname` FROM `ablg_category` WHERE ( `id` = 5 ) LIMIT 1   [ RunTime:0.000082s ]
SQL: SELECT `cname` FROM `ablg_category` WHERE ( `id` = 1 ) LIMIT 1   [ RunTime:0.000077s ]
SQL: SELECT `cname` FROM `ablg_category` WHERE ( `id` = 5 ) LIMIT 1   [ RunTime:0.000077s ]
SQL: SELECT `cname` FROM `ablg_category` WHERE ( `id` = 1 ) LIMIT 1   [ RunTime:0.000077s ]
SQL: SELECT `cname` FROM `ablg_category` WHERE ( `id` = 5 ) LIMIT 1   [ RunTime:0.000079s ]
SQL: SELECT `cname` FROM `ablg_category` WHERE ( `id` = 5 ) LIMIT 1   [ RunTime:0.000077s ]
SQL: SELECT `cname` FROM `ablg_category` WHERE ( `id` = 5 ) LIMIT 1   [ RunTime:0.000077s ]
SQL: SELECT `cname` FROM `ablg_category` WHERE ( `id` = 5 ) LIMIT 1   [ RunTime:0.000077s ]
SQL: SELECT `cname` FROM `ablg_category` WHERE ( `id` = 5 ) LIMIT 1   [ RunTime:0.000077s ]
SQL: SELECT `cname` FROM `ablg_category` WHERE ( `id` = 1 ) LIMIT 1   [ RunTime:0.000077s ]
SQL: SELECT `cname` FROM `ablg_category` WHERE ( `id` = 5 ) LIMIT 1   [ RunTime:0.000078s ]
SQL: SELECT `cname` FROM `ablg_category` WHERE ( `id` = 5 ) LIMIT 1   [ RunTime:0.000077s ]
SQL: SELECT `cname` FROM `ablg_category` WHERE ( `id` = 1 ) LIMIT 1   [ RunTime:0.000077s ]
SQL: SELECT `cname` FROM `ablg_category` WHERE ( `id` = 5 ) LIMIT 1   [ RunTime:0.000078s ]
SQL: SELECT `cname` FROM `ablg_category` WHERE ( `id` = 1 ) LIMIT 1   [ RunTime:0.000078s ]
SQL: SELECT `cname` FROM `ablg_category` WHERE ( `id` = 1 ) LIMIT 1   [ RunTime:0.000061s ]
SQL: SELECT `cname` FROM `ablg_category` WHERE ( `id` = 1 ) LIMIT 1   [ RunTime:0.000060s ]
SQL: SELECT `cname` FROM `ablg_category` WHERE ( `id` = 1 ) LIMIT 1   [ RunTime:0.000059s ]
SQL: SELECT `cname` FROM `ablg_category` WHERE ( `id` = 1 ) LIMIT 1   [ RunTime:0.000059s ]
SQL: SELECT `cname` FROM `ablg_category` WHERE ( `id` = 1 ) LIMIT 1   [ RunTime:0.000059s ]
SQL: SELECT `cname` FROM `ablg_category` WHERE ( `id` = 1 ) LIMIT 1   [ RunTime:0.000059s ]
SQL: SELECT `cname` FROM `ablg_category` WHERE ( `id` = 1 ) LIMIT 1   [ RunTime:0.000088s ]
SQL: SELECT `cname` FROM `ablg_category` WHERE ( `id` = 1 ) LIMIT 1   [ RunTime:0.000091s ]
SQL: SELECT `cname` FROM `ablg_category` WHERE ( `id` = 1 ) LIMIT 1   [ RunTime:0.000083s ]
SQL: SELECT `cname` FROM `ablg_category` WHERE ( `id` = 1 ) LIMIT 1   [ RunTime:0.000060s ]
SQL: SELECT `cname` FROM `ablg_category` WHERE ( `id` = 1 ) LIMIT 1   [ RunTime:0.000073s ]
SQL: SELECT `cname` FROM `ablg_category` WHERE ( `id` = 3 ) LIMIT 1   [ RunTime:0.000138s ]
INFO: [ view_parse ] --START--
INFO: [ template_filter ] --START--
INFO: Run Behavior\ContentReplaceBehavior [ RunTime:0.000250s ]
INFO: [ template_filter ] --END-- [ RunTime:0.000342s ]
NOTIC: [8] Undefined variable: keywords /www/ApacalBlog/Application/Runtime/Cache/Admin/0d7b036ae0bb52ad7868e704cc8721fa.php 第 6 行.
NOTIC: [8] Undefined variable: description /www/ApacalBlog/Application/Runtime/Cache/Admin/0d7b036ae0bb52ad7868e704cc8721fa.php 第 7 行.
INFO: Run Behavior\ParseTemplateBehavior [ RunTime:0.020128s ]
INFO: [ view_parse ] --END-- [ RunTime:0.020213s ]
INFO: [ view_filter ] --START--
INFO: Run Behavior\WriteHtmlCacheBehavior [ RunTime:0.000071s ]
INFO: [ view_filter ] --END-- [ RunTime:0.000136s ]
INFO: [ app_end ] --START--
INFO: Run Behavior\ShowPageTraceBehavior [ RunTime:0.000058s ]
INFO: [ app_end ] --END-- [ RunTime:0.000118s ]

[ 2014-03-23T15:26:17+08:00 ] 121.8.171.179 /index.php/Home/Article/more
INFO: [ app_init ] --START--
INFO: Run Behavior\BuildLiteBehavior [ RunTime:0.000014s ]
INFO: [ app_init ] --END-- [ RunTime:0.000078s ]
INFO: [ app_begin ] --START--
INFO: Run Behavior\ReadHtmlCacheBehavior [ RunTime:0.000050s ]
INFO: [ app_begin ] --END-- [ RunTime:0.000097s ]
SQL: SHOW COLUMNS FROM `ablg_category` [ RunTime:0.000722s ]
SQL: SELECT * FROM `ablg_category` WHERE ( `status` = 1 ) AND ( `pid` = 0 ) ORDER BY sort DESC  [ RunTime:0.000085s ]
SQL: SHOW COLUMNS FROM `ablg_model` [ RunTime:0.000393s ]
SQL: SELECT `mcontroller` FROM `ablg_model` WHERE ( 1=1 AND id='1' ) LIMIT 1   [ RunTime:0.000068s ]
SQL: SELECT `mcontroller` FROM `ablg_model` WHERE ( 1=1 AND id='1' ) LIMIT 1   [ RunTime:0.000065s ]
SQL: SELECT `mcontroller` FROM `ablg_model` WHERE ( 1=1 AND id='1' ) LIMIT 1   [ RunTime:0.000064s ]
SQL: SELECT `mcontroller` FROM `ablg_model` WHERE ( 1=1 AND id='1' ) LIMIT 1   [ RunTime:0.000064s ]
SQL: SELECT `mcontroller` FROM `ablg_model` WHERE ( 1=1 AND id='1' ) LIMIT 1   [ RunTime:0.000065s ]
SQL: SELECT `mcontroller` FROM `ablg_model` WHERE ( 1=1 AND id='1' ) LIMIT 1   [ RunTime:0.000063s ]
SQL: SELECT * FROM `ablg_category` WHERE ( `status` = 1 ) AND ( `pid` = 1 ) ORDER BY sort DESC  [ RunTime:0.000072s ]
SQL: SELECT * FROM `ablg_category` WHERE ( `status` = 1 ) AND ( `pid` = 5 ) ORDER BY sort DESC  [ RunTime:0.000070s ]
SQL: SELECT * FROM `ablg_category` WHERE ( `status` = 1 ) AND ( `pid` = 6 ) ORDER BY sort DESC  [ RunTime:0.000069s ]
SQL: SELECT * FROM `ablg_category` WHERE ( `status` = 1 ) AND ( `pid` = 2 ) ORDER BY sort DESC  [ RunTime:0.000069s ]
SQL: SELECT * FROM `ablg_category` WHERE ( `status` = 1 ) AND ( `pid` = 3 ) ORDER BY sort DESC  [ RunTime:0.000068s ]
SQL: SELECT * FROM `ablg_category` WHERE ( `status` = 1 ) AND ( `pid` = 4 ) ORDER BY sort DESC  [ RunTime:0.000067s ]
SQL: SHOW COLUMNS FROM `ablg_link` [ RunTime:0.000467s ]
SQL: SELECT * FROM `ablg_link` WHERE ( `status` = 1 ) ORDER BY sort DESC, createtime DESC  [ RunTime:0.000071s ]
SQL: SHOW COLUMNS FROM `ablg_article` [ RunTime:0.000582s ]
SQL: SELECT `id` FROM `ablg_category` WHERE ( `status` = 1 ) AND ( `pid` = 1 )  [ RunTime:0.000068s ]
SQL: SELECT `id`,`property`,`image`,`cid`,`keywords`,`description`,`createtime`,`updatetime`,`click`,`sort`,`title`,`is_check`,`adminid`,`status`,`source`,`source_link` FROM `ablg_article` WHERE ( `cid` IN (1) ) AND ( `status` = 1 ) ORDER BY sort DESC, createtime DESC LIMIT 12,9   [ RunTime:0.000098s ]
SQL: SELECT `cname` FROM `ablg_category` WHERE ( 1=1 AND id='1' ) LIMIT 1   [ RunTime:0.000066s ]
SQL: SHOW COLUMNS FROM `ablg_admin` [ RunTime:0.000530s ]
SQL: SELECT `adminname` FROM `ablg_admin` WHERE ( 1=1 AND adminid='1' ) LIMIT 1   [ RunTime:0.000066s ]
SQL: SELECT `cname` FROM `ablg_category` WHERE ( 1=1 AND id='1' ) LIMIT 1   [ RunTime:0.000064s ]
SQL: SELECT `adminname` FROM `ablg_admin` WHERE ( 1=1 AND adminid='1' ) LIMIT 1   [ RunTime:0.000063s ]
SQL: SELECT `cname` FROM `ablg_category` WHERE ( 1=1 AND id='1' ) LIMIT 1   [ RunTime:0.000063s ]
SQL: SELECT `adminname` FROM `ablg_admin` WHERE ( 1=1 AND adminid='1' ) LIMIT 1   [ RunTime:0.000062s ]
SQL: SELECT `cname` FROM `ablg_category` WHERE ( 1=1 AND id='1' ) LIMIT 1   [ RunTime:0.000063s ]
SQL: SELECT `adminname` FROM `ablg_admin` WHERE ( 1=1 AND adminid='1' ) LIMIT 1   [ RunTime:0.000061s ]
SQL: SELECT `cname` FROM `ablg_category` WHERE ( 1=1 AND id='1' ) LIMIT 1   [ RunTime:0.000062s ]
SQL: SELECT `adminname` FROM `ablg_admin` WHERE ( 1=1 AND adminid='1' ) LIMIT 1   [ RunTime:0.000062s ]
SQL: SELECT `cname` FROM `ablg_category` WHERE ( 1=1 AND id='1' ) LIMIT 1   [ RunTime:0.000063s ]
SQL: SELECT `adminname` FROM `ablg_admin` WHERE ( 1=1 AND adminid='1' ) LIMIT 1   [ RunTime:0.000060s ]
SQL: SELECT `cname` FROM `ablg_category` WHERE ( 1=1 AND id='1' ) LIMIT 1   [ RunTime:0.000063s ]
SQL: SELECT `adminname` FROM `ablg_admin` WHERE ( 1=1 AND adminid='1' ) LIMIT 1   [ RunTime:0.000060s ]
INFO: [ view_parse ] --START--
INFO: [ template_filter ] --START--
INFO: Run Behavior\ContentReplaceBehavior [ RunTime:0.000064s ]
INFO: [ template_filter ] --END-- [ RunTime:0.000119s ]
INFO: Run Behavior\ParseTemplateBehavior [ RunTime:0.004486s ]
INFO: [ view_parse ] --END-- [ RunTime:0.004541s ]
INFO: [ view_filter ] --START--
INFO: Run Behavior\WriteHtmlCacheBehavior [ RunTime:0.000051s ]
INFO: [ view_filter ] --END-- [ RunTime:0.000141s ]
INFO: [ app_end ] --START--
INFO: Run Behavior\ShowPageTraceBehavior [ RunTime:0.000050s ]
INFO: [ app_end ] --END-- [ RunTime:0.000100s ]

[ 2014-03-23T15:26:19+08:00 ] 121.8.171.179 /index.php/Home/Article/index/cid/1.html
INFO: [ app_init ] --START--
INFO: Run Behavior\BuildLiteBehavior [ RunTime:0.000039s ]
INFO: [ app_init ] --END-- [ RunTime:0.000104s ]
INFO: [ app_begin ] --START--
INFO: Run Behavior\ReadHtmlCacheBehavior [ RunTime:0.000054s ]
INFO: [ app_begin ] --END-- [ RunTime:0.000106s ]
SQL: SHOW COLUMNS FROM `ablg_category` [ RunTime:0.000746s ]
SQL: SELECT * FROM `ablg_category` WHERE ( `status` = 1 ) AND ( `pid` = 0 ) ORDER BY sort DESC  [ RunTime:0.000084s ]
SQL: SHOW COLUMNS FROM `ablg_model` [ RunTime:0.000390s ]
SQL: SELECT `mcontroller` FROM `ablg_model` WHERE ( 1=1 AND id='1' ) LIMIT 1   [ RunTime:0.000068s ]
SQL: SELECT `mcontroller` FROM `ablg_model` WHERE ( 1=1 AND id='1' ) LIMIT 1   [ RunTime:0.000064s ]
SQL: SELECT `mcontroller` FROM `ablg_model` WHERE ( 1=1 AND id='1' ) LIMIT 1   [ RunTime:0.000063s ]
SQL: SELECT `mcontroller` FROM `ablg_model` WHERE ( 1=1 AND id='1' ) LIMIT 1   [ RunTime:0.000064s ]
SQL: SELECT `mcontroller` FROM `ablg_model` WHERE ( 1=1 AND id='1' ) LIMIT 1   [ RunTime:0.000262s ]
SQL: SELECT `mcontroller` FROM `ablg_model` WHERE ( 1=1 AND id='1' ) LIMIT 1   [ RunTime:0.000080s ]
SQL: SELECT * FROM `ablg_category` WHERE ( `status` = 1 ) AND ( `pid` = 1 ) ORDER BY sort DESC  [ RunTime:0.000078s ]
SQL: SELECT * FROM `ablg_category` WHERE ( `status` = 1 ) AND ( `pid` = 5 ) ORDER BY sort DESC  [ RunTime:0.000070s ]
SQL: SELECT * FROM `ablg_category` WHERE ( `status` = 1 ) AND ( `pid` = 6 ) ORDER BY sort DESC  [ RunTime:0.000071s ]
SQL: SELECT * FROM `ablg_category` WHERE ( `status` = 1 ) AND ( `pid` = 2 ) ORDER BY sort DESC  [ RunTime:0.000069s ]
SQL: SELECT * FROM `ablg_category` WHERE ( `status` = 1 ) AND ( `pid` = 3 ) ORDER BY sort DESC  [ RunTime:0.000068s ]
SQL: SELECT * FROM `ablg_category` WHERE ( `status` = 1 ) AND ( `pid` = 4 ) ORDER BY sort DESC  [ RunTime:0.000068s ]
SQL: SHOW COLUMNS FROM `ablg_link` [ RunTime:0.000671s ]
SQL: SELECT * FROM `ablg_link` WHERE ( `status` = 1 ) ORDER BY sort DESC, createtime DESC  [ RunTime:0.000071s ]
SQL: SHOW COLUMNS FROM `ablg_category` [ RunTime:0.000502s ]
SQL: SELECT `id` FROM `ablg_category` WHERE ( `id` = 1 ) AND ( `status` = 1 ) LIMIT 1   [ RunTime:0.000068s ]
SQL: SHOW COLUMNS FROM `ablg_article` [ RunTime:0.000607s ]
SQL: SELECT `id` FROM `ablg_category` WHERE ( `status` = 1 ) AND ( `pid` = 1 )  [ RunTime:0.000066s ]
SQL: SELECT `id`,`property`,`image`,`cid`,`keywords`,`description`,`createtime`,`updatetime`,`click`,`sort`,`title`,`is_check`,`adminid`,`status`,`source`,`source_link` FROM `ablg_article` WHERE ( `cid` IN (1) ) AND ( `status` = 1 ) ORDER BY sort DESC, createtime DESC LIMIT 12   [ RunTime:0.000088s ]
SQL: SELECT `cname` FROM `ablg_category` WHERE ( 1=1 AND id='1' ) LIMIT 1   [ RunTime:0.000064s ]
SQL: SHOW COLUMNS FROM `ablg_admin` [ RunTime:0.000495s ]
SQL: SELECT `adminname` FROM `ablg_admin` WHERE ( 1=1 AND adminid='3' ) LIMIT 1   [ RunTime:0.000065s ]
SQL: SELECT `cname` FROM `ablg_category` WHERE ( 1=1 AND id='1' ) LIMIT 1   [ RunTime:0.000062s ]
SQL: SELECT `adminname` FROM `ablg_admin` WHERE ( 1=1 AND adminid='3' ) LIMIT 1   [ RunTime:0.000062s ]
SQL: SELECT `cname` FROM `ablg_category` WHERE ( 1=1 AND id='1' ) LIMIT 1   [ RunTime:0.000063s ]
SQL: SELECT `adminname` FROM `ablg_admin` WHERE ( 1=1 AND adminid='3' ) LIMIT 1   [ RunTime:0.000061s ]
SQL: SELECT `cname` FROM `ablg_category` WHERE ( 1=1 AND id='1' ) LIMIT 1   [ RunTime:0.000061s ]
SQL: SELECT `adminname` FROM `ablg_admin` WHERE ( 1=1 AND adminid='3' ) LIMIT 1   [ RunTime:0.000062s ]
SQL: SELECT `cname` FROM `ablg_category` WHERE ( 1=1 AND id='1' ) LIMIT 1   [ RunTime:0.000063s ]
SQL: SELECT `adminname` FROM `ablg_admin` WHERE ( 1=1 AND adminid='1' ) LIMIT 1   [ RunTime:0.000061s ]
SQL: SELECT `cname` FROM `ablg_category` WHERE ( 1=1 AND id='1' ) LIMIT 1   [ RunTime:0.000060s ]
SQL: SELECT `adminname` FROM `ablg_admin` WHERE ( 1=1 AND adminid='1' ) LIMIT 1   [ RunTime:0.000059s ]
SQL: SELECT `cname` FROM `ablg_category` WHERE ( 1=1 AND id='1' ) LIMIT 1   [ RunTime:0.000070s ]
SQL: SELECT `adminname` FROM `ablg_admin` WHERE ( 1=1 AND adminid='1' ) LIMIT 1   [ RunTime:0.000060s ]
SQL: SELECT `cname` FROM `ablg_category` WHERE ( 1=1 AND id='1' ) LIMIT 1   [ RunTime:0.000061s ]
SQL: SELECT `adminname` FROM `ablg_admin` WHERE ( 1=1 AND adminid='1' ) LIMIT 1   [ RunTime:0.000059s ]
SQL: SELECT `cname` FROM `ablg_category` WHERE ( 1=1 AND id='1' ) LIMIT 1   [ RunTime:0.000060s ]
SQL: SELECT `adminname` FROM `ablg_admin` WHERE ( 1=1 AND adminid='1' ) LIMIT 1   [ RunTime:0.000060s ]
SQL: SELECT `cname` FROM `ablg_category` WHERE ( 1=1 AND id='1' ) LIMIT 1   [ RunTime:0.000060s ]
SQL: SELECT `adminname` FROM `ablg_admin` WHERE ( 1=1 AND adminid='1' ) LIMIT 1   [ RunTime:0.000058s ]
SQL: SELECT `cname` FROM `ablg_category` WHERE ( 1=1 AND id='1' ) LIMIT 1   [ RunTime:0.000060s ]
SQL: SELECT `adminname` FROM `ablg_admin` WHERE ( 1=1 AND adminid='1' ) LIMIT 1   [ RunTime:0.000069s ]
SQL: SELECT `cname` FROM `ablg_category` WHERE ( 1=1 AND id='1' ) LIMIT 1   [ RunTime:0.000060s ]
SQL: SELECT `adminname` FROM `ablg_admin` WHERE ( 1=1 AND adminid='1' ) LIMIT 1   [ RunTime:0.000059s ]
SQL: SELECT * FROM `ablg_category` WHERE ( `id` = 1 ) LIMIT 1   [ RunTime:0.000067s ]
SQL: SHOW COLUMNS FROM `ablg_admin` [ RunTime:0.000561s ]
SQL: SELECT * FROM `ablg_admin` WHERE ( `adminid` = 3 ) LIMIT 1   [ RunTime:0.000067s ]
SQL: SELECT `id` FROM `ablg_category` WHERE ( `status` = 1 ) AND ( `pid` = 1 )  [ RunTime:0.000071s ]
SQL: SELECT * FROM `ablg_article` WHERE ( `status` = 1 ) AND ( `cid` IN (1) ) ORDER BY sort DESC, click DESC LIMIT 20   [ RunTime:0.000471s ]
SQL: SELECT `cname` FROM `ablg_category` WHERE ( 1=1 AND id='1' ) LIMIT 1   [ RunTime:0.000065s ]
SQL: SELECT `adminname` FROM `ablg_admin` WHERE ( 1=1 AND adminid='3' ) LIMIT 1   [ RunTime:0.000064s ]
SQL: SELECT `cname` FROM `ablg_category` WHERE ( 1=1 AND id='1' ) LIMIT 1   [ RunTime:0.000061s ]
SQL: SELECT `adminname` FROM `ablg_admin` WHERE ( 1=1 AND adminid='1' ) LIMIT 1   [ RunTime:0.000061s ]
SQL: SELECT `cname` FROM `ablg_category` WHERE ( 1=1 AND id='1' ) LIMIT 1   [ RunTime:0.000060s ]
SQL: SELECT `adminname` FROM `ablg_admin` WHERE ( 1=1 AND adminid='1' ) LIMIT 1   [ RunTime:0.000059s ]
SQL: SELECT `cname` FROM `ablg_category` WHERE ( 1=1 AND id='1' ) LIMIT 1   [ RunTime:0.000060s ]
SQL: SELECT `adminname` FROM `ablg_admin` WHERE ( 1=1 AND adminid='1' ) LIMIT 1   [ RunTime:0.000058s ]
SQL: SELECT `cname` FROM `ablg_category` WHERE ( 1=1 AND id='1' ) LIMIT 1   [ RunTime:0.000061s ]
SQL: SELECT `adminname` FROM `ablg_admin` WHERE ( 1=1 AND adminid='3' ) LIMIT 1   [ RunTime:0.000082s ]
SQL: SELECT `cname` FROM `ablg_category` WHERE ( 1=1 AND id='1' ) LIMIT 1   [ RunTime:0.000060s ]
SQL: SELECT `adminname` FROM `ablg_admin` WHERE ( 1=1 AND adminid='1' ) LIMIT 1   [ RunTime:0.000059s ]
SQL: SELECT `cname` FROM `ablg_category` WHERE ( 1=1 AND id='1' ) LIMIT 1   [ RunTime:0.000061s ]
SQL: SELECT `adminname` FROM `ablg_admin` WHERE ( 1=1 AND adminid='1' ) LIMIT 1   [ RunTime:0.000058s ]
SQL: SELECT `cname` FROM `ablg_category` WHERE ( 1=1 AND id='1' ) LIMIT 1   [ RunTime:0.000059s ]
SQL: SELECT `adminname` FROM `ablg_admin` WHERE ( 1=1 AND adminid='1' ) LIMIT 1   [ RunTime:0.000062s ]
SQL: SELECT `cname` FROM `ablg_category` WHERE ( 1=1 AND id='1' ) LIMIT 1   [ RunTime:0.000067s ]
SQL: SELECT `adminname` FROM `ablg_admin` WHERE ( 1=1 AND adminid='1' ) LIMIT 1   [ RunTime:0.000059s ]
SQL: SELECT `cname` FROM `ablg_category` WHERE ( 1=1 AND id='1' ) LIMIT 1   [ RunTime:0.000060s ]
SQL: SELECT `adminname` FROM `ablg_admin` WHERE ( 1=1 AND adminid='1' ) LIMIT 1   [ RunTime:0.000058s ]
SQL: SELECT `cname` FROM `ablg_category` WHERE ( 1=1 AND id='1' ) LIMIT 1   [ RunTime:0.000059s ]
SQL: SELECT `adminname` FROM `ablg_admin` WHERE ( 1=1 AND adminid='1' ) LIMIT 1   [ RunTime:0.000060s ]
SQL: SELECT `cname` FROM `ablg_category` WHERE ( 1=1 AND id='1' ) LIMIT 1   [ RunTime:0.000060s ]
SQL: SELECT `adminname` FROM `ablg_admin` WHERE ( 1=1 AND adminid='1' ) LIMIT 1   [ RunTime:0.000059s ]
SQL: SELECT `cname` FROM `ablg_category` WHERE ( 1=1 AND id='1' ) LIMIT 1   [ RunTime:0.000060s ]
SQL: SELECT `adminname` FROM `ablg_admin` WHERE ( 1=1 AND adminid='1' ) LIMIT 1   [ RunTime:0.000058s ]
SQL: SELECT `cname` FROM `ablg_category` WHERE ( 1=1 AND id='1' ) LIMIT 1   [ RunTime:0.000061s ]
SQL: SELECT `adminname` FROM `ablg_admin` WHERE ( 1=1 AND adminid='1' ) LIMIT 1   [ RunTime:0.000058s ]
SQL: SELECT `cname` FROM `ablg_category` WHERE ( 1=1 AND id='1' ) LIMIT 1   [ RunTime:0.000060s ]
SQL: SELECT `adminname` FROM `ablg_admin` WHERE ( 1=1 AND adminid='1' ) LIMIT 1   [ RunTime:0.000058s ]
SQL: SELECT `cname` FROM `ablg_category` WHERE ( 1=1 AND id='1' ) LIMIT 1   [ RunTime:0.000061s ]
SQL: SELECT `adminname` FROM `ablg_admin` WHERE ( 1=1 AND adminid='1' ) LIMIT 1   [ RunTime:0.000058s ]
SQL: SELECT `cname` FROM `ablg_category` WHERE ( 1=1 AND id='1' ) LIMIT 1   [ RunTime:0.000059s ]
SQL: SELECT `adminname` FROM `ablg_admin` WHERE ( 1=1 AND adminid='3' ) LIMIT 1   [ RunTime:0.000060s ]
SQL: SELECT `cname` FROM `ablg_category` WHERE ( 1=1 AND id='1' ) LIMIT 1   [ RunTime:0.000062s ]
SQL: SELECT `adminname` FROM `ablg_admin` WHERE ( 1=1 AND adminid='1' ) LIMIT 1   [ RunTime:0.000059s ]
SQL: SELECT `cname` FROM `ablg_category` WHERE ( 1=1 AND id='1' ) LIMIT 1   [ RunTime:0.000060s ]
SQL: SELECT `adminname` FROM `ablg_admin` WHERE ( 1=1 AND adminid='3' ) LIMIT 1   [ RunTime:0.000060s ]
SQL: SELECT `id` FROM `ablg_category` WHERE ( `status` = 1 ) AND ( `pid` = 1 )  [ RunTime:0.000062s ]
SQL: SHOW COLUMNS FROM `ablg_article` [ RunTime:0.000695s ]
SQL: SELECT COUNT(*) AS tp_count FROM `ablg_article` WHERE ( `status` = 1 ) AND ( `cid` IN (1) ) LIMIT 1   [ RunTime:0.000065s ]
SQL: SELECT * FROM `ablg_category` WHERE ( `id` = 1 ) LIMIT 1   [ RunTime:0.000069s ]
INFO: [ view_parse ] --START--
NOTIC: [8] Use of undefined constant THUMB_PREFIX - assumed 'THUMB_PREFIX' /www/ApacalBlog/Application/Common/Common/function.php 第 15 行.
NOTIC: [8] Use of undefined constant THUMB_PREFIX - assumed 'THUMB_PREFIX' /www/ApacalBlog/Application/Common/Common/function.php 第 15 行.
NOTIC: [8] Use of undefined constant THUMB_PREFIX - assumed 'THUMB_PREFIX' /www/ApacalBlog/Application/Common/Common/function.php 第 15 行.
NOTIC: [8] Use of undefined constant THUMB_PREFIX - assumed 'THUMB_PREFIX' /www/ApacalBlog/Application/Common/Common/function.php 第 15 行.
NOTIC: [8] Use of undefined constant THUMB_PREFIX - assumed 'THUMB_PREFIX' /www/ApacalBlog/Application/Common/Common/function.php 第 15 行.
INFO: Run Behavior\ParseTemplateBehavior [ RunTime:0.005093s ]
INFO: [ view_parse ] --END-- [ RunTime:0.005174s ]
INFO: [ view_filter ] --START--
INFO: Run Behavior\WriteHtmlCacheBehavior [ RunTime:0.000081s ]
INFO: [ view_filter ] --END-- [ RunTime:0.000132s ]
INFO: [ app_end ] --START--
INFO: Run Behavior\ShowPageTraceBehavior [ RunTime:0.000064s ]
INFO: [ app_end ] --END-- [ RunTime:0.000128s ]

[ 2014-03-23T15:26:21+08:00 ] 121.8.171.179 /index.php/Home/Article/more
INFO: [ app_init ] --START--
INFO: Run Behavior\BuildLiteBehavior [ RunTime:0.000014s ]
INFO: [ app_init ] --END-- [ RunTime:0.000077s ]
INFO: [ app_begin ] --START--
INFO: Run Behavior\ReadHtmlCacheBehavior [ RunTime:0.000051s ]
INFO: [ app_begin ] --END-- [ RunTime:0.000100s ]
SQL: SHOW COLUMNS FROM `ablg_category` [ RunTime:0.000718s ]
SQL: SELECT * FROM `ablg_category` WHERE ( `status` = 1 ) AND ( `pid` = 0 ) ORDER BY sort DESC  [ RunTime:0.000081s ]
SQL: SHOW COLUMNS FROM `ablg_model` [ RunTime:0.000501s ]
SQL: SELECT `mcontroller` FROM `ablg_model` WHERE ( 1=1 AND id='1' ) LIMIT 1   [ RunTime:0.000067s ]
SQL: SELECT `mcontroller` FROM `ablg_model` WHERE ( 1=1 AND id='1' ) LIMIT 1   [ RunTime:0.000063s ]
SQL: SELECT `mcontroller` FROM `ablg_model` WHERE ( 1=1 AND id='1' ) LIMIT 1   [ RunTime:0.000063s ]
SQL: SELECT `mcontroller` FROM `ablg_model` WHERE ( 1=1 AND id='1' ) LIMIT 1   [ RunTime:0.000063s ]
SQL: SELECT `mcontroller` FROM `ablg_model` WHERE ( 1=1 AND id='1' ) LIMIT 1   [ RunTime:0.000061s ]
SQL: SELECT `mcontroller` FROM `ablg_model` WHERE ( 1=1 AND id='1' ) LIMIT 1   [ RunTime:0.000062s ]
SQL: SELECT * FROM `ablg_category` WHERE ( `status` = 1 ) AND ( `pid` = 1 ) ORDER BY sort DESC  [ RunTime:0.000070s ]
SQL: SELECT * FROM `ablg_category` WHERE ( `status` = 1 ) AND ( `pid` = 5 ) ORDER BY sort DESC  [ RunTime:0.000068s ]
SQL: SELECT * FROM `ablg_category` WHERE ( `status` = 1 ) AND ( `pid` = 6 ) ORDER BY sort DESC  [ RunTime:0.000067s ]
SQL: SELECT * FROM `ablg_category` WHERE ( `status` = 1 ) AND ( `pid` = 2 ) ORDER BY sort DESC  [ RunTime:0.000067s ]
SQL: SELECT * FROM `ablg_category` WHERE ( `status` = 1 ) AND ( `pid` = 3 ) ORDER BY sort DESC  [ RunTime:0.000067s ]
SQL: SELECT * FROM `ablg_category` WHERE ( `status` = 1 ) AND ( `pid` = 4 ) ORDER BY sort DESC  [ RunTime:0.000190s ]
SQL: SHOW COLUMNS FROM `ablg_link` [ RunTime:0.000727s ]
SQL: SELECT * FROM `ablg_link` WHERE ( `status` = 1 ) ORDER BY sort DESC, createtime DESC  [ RunTime:0.000075s ]
SQL: SHOW COLUMNS FROM `ablg_article` [ RunTime:0.000601s ]
SQL: SELECT `id` FROM `ablg_category` WHERE ( `status` = 1 ) AND ( `pid` = 1 )  [ RunTime:0.000071s ]
SQL: SELECT `id`,`property`,`image`,`cid`,`keywords`,`description`,`createtime`,`updatetime`,`click`,`sort`,`title`,`is_check`,`adminid`,`status`,`source`,`source_link` FROM `ablg_article` WHERE ( `cid` IN (1) ) AND ( `status` = 1 ) ORDER BY sort DESC, createtime DESC LIMIT 12,9   [ RunTime:0.000085s ]
SQL: SELECT `cname` FROM `ablg_category` WHERE ( 1=1 AND id='1' ) LIMIT 1   [ RunTime:0.000072s ]
SQL: SHOW COLUMNS FROM `ablg_admin` [ RunTime:0.000530s ]
SQL: SELECT `adminname` FROM `ablg_admin` WHERE ( 1=1 AND adminid='1' ) LIMIT 1   [ RunTime:0.000074s ]
SQL: SELECT `cname` FROM `ablg_category` WHERE ( 1=1 AND id='1' ) LIMIT 1   [ RunTime:0.000065s ]
SQL: SELECT `adminname` FROM `ablg_admin` WHERE ( 1=1 AND adminid='1' ) LIMIT 1   [ RunTime:0.000062s ]
SQL: SELECT `cname` FROM `ablg_category` WHERE ( 1=1 AND id='1' ) LIMIT 1   [ RunTime:0.000064s ]
SQL: SELECT `adminname` FROM `ablg_admin` WHERE ( 1=1 AND adminid='1' ) LIMIT 1   [ RunTime:0.000072s ]
SQL: SELECT `cname` FROM `ablg_category` WHERE ( 1=1 AND id='1' ) LIMIT 1   [ RunTime:0.000064s ]
SQL: SELECT `adminname` FROM `ablg_admin` WHERE ( 1=1 AND adminid='1' ) LIMIT 1   [ RunTime:0.000061s ]
SQL: SELECT `cname` FROM `ablg_category` WHERE ( 1=1 AND id='1' ) LIMIT 1   [ RunTime:0.000062s ]
SQL: SELECT `adminname` FROM `ablg_admin` WHERE ( 1=1 AND adminid='1' ) LIMIT 1   [ RunTime:0.000087s ]
SQL: SELECT `cname` FROM `ablg_category` WHERE ( 1=1 AND id='1' ) LIMIT 1   [ RunTime:0.000063s ]
SQL: SELECT `adminname` FROM `ablg_admin` WHERE ( 1=1 AND adminid='1' ) LIMIT 1   [ RunTime:0.000060s ]
SQL: SELECT `cname` FROM `ablg_category` WHERE ( 1=1 AND id='1' ) LIMIT 1   [ RunTime:0.000062s ]
SQL: SELECT `adminname` FROM `ablg_admin` WHERE ( 1=1 AND adminid='1' ) LIMIT 1   [ RunTime:0.000061s ]
INFO: [ view_parse ] --START--
INFO: Run Behavior\ParseTemplateBehavior [ RunTime:0.001171s ]
INFO: [ view_parse ] --END-- [ RunTime:0.001224s ]
INFO: [ view_filter ] --START--
INFO: Run Behavior\WriteHtmlCacheBehavior [ RunTime:0.000050s ]
INFO: [ view_filter ] --END-- [ RunTime:0.000093s ]
INFO: [ app_end ] --START--
INFO: Run Behavior\ShowPageTraceBehavior [ RunTime:0.000049s ]
INFO: [ app_end ] --END-- [ RunTime:0.000099s ]

[ 2014-03-23T15:26:22+08:00 ] 121.8.171.179 /index.php/Home/Article/more
INFO: [ app_init ] --START--
INFO: Run Behavior\BuildLiteBehavior [ RunTime:0.000013s ]
INFO: [ app_init ] --END-- [ RunTime:0.000076s ]
INFO: [ app_begin ] --START--
INFO: Run Behavior\ReadHtmlCacheBehavior [ RunTime:0.000048s ]
INFO: [ app_begin ] --END-- [ RunTime:0.000094s ]
SQL: SHOW COLUMNS FROM `ablg_category` [ RunTime:0.000778s ]
SQL: SELECT * FROM `ablg_category` WHERE ( `status` = 1 ) AND ( `pid` = 0 ) ORDER BY sort DESC  [ RunTime:0.000081s ]
SQL: SHOW COLUMNS FROM `ablg_model` [ RunTime:0.000386s ]
SQL: SELECT `mcontroller` FROM `ablg_model` WHERE ( 1=1 AND id='1' ) LIMIT 1   [ RunTime:0.000066s ]
SQL: SELECT `mcontroller` FROM `ablg_model` WHERE ( 1=1 AND id='1' ) LIMIT 1   [ RunTime:0.000063s ]
SQL: SELECT `mcontroller` FROM `ablg_model` WHERE ( 1=1 AND id='1' ) LIMIT 1   [ RunTime:0.000062s ]
SQL: SELECT `mcontroller` FROM `ablg_model` WHERE ( 1=1 AND id='1' ) LIMIT 1   [ RunTime:0.000062s ]
SQL: SELECT `mcontroller` FROM `ablg_model` WHERE ( 1=1 AND id='1' ) LIMIT 1   [ RunTime:0.000062s ]
SQL: SELECT `mcontroller` FROM `ablg_model` WHERE ( 1=1 AND id='1' ) LIMIT 1   [ RunTime:0.000062s ]
SQL: SELECT * FROM `ablg_category` WHERE ( `status` = 1 ) AND ( `pid` = 1 ) ORDER BY sort DESC  [ RunTime:0.000070s ]
SQL: SELECT * FROM `ablg_category` WHERE ( `status` = 1 ) AND ( `pid` = 5 ) ORDER BY sort DESC  [ RunTime:0.000067s ]
SQL: SELECT * FROM `ablg_category` WHERE ( `status` = 1 ) AND ( `pid` = 6 ) ORDER BY sort DESC  [ RunTime:0.000067s ]
SQL: SELECT * FROM `ablg_category` WHERE ( `status` = 1 ) AND ( `pid` = 2 ) ORDER BY sort DESC  [ RunTime:0.000066s ]
SQL: SELECT * FROM `ablg_category` WHERE ( `status` = 1 ) AND ( `pid` = 3 ) ORDER BY sort DESC  [ RunTime:0.000066s ]
SQL: SELECT * FROM `ablg_category` WHERE ( `status` = 1 ) AND ( `pid` = 4 ) ORDER BY sort DESC  [ RunTime:0.000065s ]
SQL: SHOW COLUMNS FROM `ablg_link` [ RunTime:0.000446s ]
SQL: SELECT * FROM `ablg_link` WHERE ( `status` = 1 ) ORDER BY sort DESC, createtime DESC  [ RunTime:0.000070s ]
SQL: SHOW COLUMNS FROM `ablg_article` [ RunTime:0.000763s ]
SQL: SELECT `id` FROM `ablg_category` WHERE ( `status` = 1 ) AND ( `pid` = 1 )  [ RunTime:0.000134s ]
SQL: SELECT `id`,`property`,`image`,`cid`,`keywords`,`description`,`createtime`,`updatetime`,`click`,`sort`,`title`,`is_check`,`adminid`,`status`,`source`,`source_link` FROM `ablg_article` WHERE ( `cid` IN (1) ) AND ( `status` = 1 ) ORDER BY sort DESC, createtime DESC LIMIT 21,9   [ RunTime:0.000076s ]
INFO: [ view_parse ] --START--
INFO: Run Behavior\ParseTemplateBehavior [ RunTime:0.001021s ]
INFO: [ view_parse ] --END-- [ RunTime:0.001077s ]
INFO: [ view_filter ] --START--
INFO: Run Behavior\WriteHtmlCacheBehavior [ RunTime:0.000061s ]
INFO: [ view_filter ] --END-- [ RunTime:0.000114s ]
INFO: [ app_end ] --START--
INFO: Run Behavior\ShowPageTraceBehavior [ RunTime:0.000050s ]
INFO: [ app_end ] --END-- [ RunTime:0.000099s ]

[ 2014-03-23T15:26:23+08:00 ] 121.8.171.179 /index.php/Home/Article/more
INFO: [ app_init ] --START--
INFO: Run Behavior\BuildLiteBehavior [ RunTime:0.000013s ]
INFO: [ app_init ] --END-- [ RunTime:0.000077s ]
INFO: [ app_begin ] --START--
INFO: Run Behavior\ReadHtmlCacheBehavior [ RunTime:0.000075s ]
INFO: [ app_begin ] --END-- [ RunTime:0.000152s ]
SQL: SHOW COLUMNS FROM `ablg_category` [ RunTime:0.000785s ]
SQL: SELECT * FROM `ablg_category` WHERE ( `status` = 1 ) AND ( `pid` = 0 ) ORDER BY sort DESC  [ RunTime:0.000081s ]
SQL: SHOW COLUMNS FROM `ablg_model` [ RunTime:0.000393s ]
SQL: SELECT `mcontroller` FROM `ablg_model` WHERE ( 1=1 AND id='1' ) LIMIT 1   [ RunTime:0.000066s ]
SQL: SELECT `mcontroller` FROM `ablg_model` WHERE ( 1=1 AND id='1' ) LIMIT 1   [ RunTime:0.000064s ]
SQL: SELECT `mcontroller` FROM `ablg_model` WHERE ( 1=1 AND id='1' ) LIMIT 1   [ RunTime:0.000062s ]
SQL: SELECT `mcontroller` FROM `ablg_model` WHERE ( 1=1 AND id='1' ) LIMIT 1   [ RunTime:0.000066s ]
SQL: SELECT `mcontroller` FROM `ablg_model` WHERE ( 1=1 AND id='1' ) LIMIT 1   [ RunTime:0.000081s ]
SQL: SELECT `mcontroller` FROM `ablg_model` WHERE ( 1=1 AND id='1' ) LIMIT 1   [ RunTime:0.000064s ]
SQL: SELECT * FROM `ablg_category` WHERE ( `status` = 1 ) AND ( `pid` = 1 ) ORDER BY sort DESC  [ RunTime:0.000070s ]
SQL: SELECT * FROM `ablg_category` WHERE ( `status` = 1 ) AND ( `pid` = 5 ) ORDER BY sort DESC  [ RunTime:0.000067s ]
SQL: SELECT * FROM `ablg_category` WHERE ( `status` = 1 ) AND ( `pid` = 6 ) ORDER BY sort DESC  [ RunTime:0.000067s ]
SQL: SELECT * FROM `ablg_category` WHERE ( `status` = 1 ) AND ( `pid` = 2 ) ORDER BY sort DESC  [ RunTime:0.000067s ]
SQL: SELECT * FROM `ablg_category` WHERE ( `status` = 1 ) AND ( `pid` = 3 ) ORDER BY sort DESC  [ RunTime:0.000066s ]
SQL: SELECT * FROM `ablg_category` WHERE ( `status` = 1 ) AND ( `pid` = 4 ) ORDER BY sort DESC  [ RunTime:0.000065s ]
SQL: SHOW COLUMNS FROM `ablg_link` [ RunTime:0.000507s ]
SQL: SELECT * FROM `ablg_link` WHERE ( `status` = 1 ) ORDER BY sort DESC, createtime DESC  [ RunTime:0.000069s ]
SQL: SHOW COLUMNS FROM `ablg_article` [ RunTime:0.000584s ]
SQL: SELECT `id` FROM `ablg_category` WHERE ( `status` = 1 ) AND ( `pid` = 1 )  [ RunTime:0.000066s ]
SQL: SELECT `id`,`property`,`image`,`cid`,`keywords`,`description`,`createtime`,`updatetime`,`click`,`sort`,`title`,`is_check`,`adminid`,`status`,`source`,`source_link` FROM `ablg_article` WHERE ( `cid` IN (1) ) AND ( `status` = 1 ) ORDER BY sort DESC, createtime DESC LIMIT 30,9   [ RunTime:0.000073s ]
INFO: [ view_parse ] --START--
INFO: Run Behavior\ParseTemplateBehavior [ RunTime:0.000972s ]
INFO: [ view_parse ] --END-- [ RunTime:0.001024s ]
INFO: [ view_filter ] --START--
INFO: Run Behavior\WriteHtmlCacheBehavior [ RunTime:0.000049s ]
INFO: [ view_filter ] --END-- [ RunTime:0.000101s ]
INFO: [ app_end ] --START--
INFO: Run Behavior\ShowPageTraceBehavior [ RunTime:0.000046s ]
INFO: [ app_end ] --END-- [ RunTime:0.000090s ]

