[ 2014-02-18T17:47:25+08:00 ] 127.0.0.1 /ApacalBlog/
INFO: [ app_init ] --START--
INFO: Run Behavior\BuildLiteBehavior [ RunTime:0.000014s ]
INFO: [ app_init ] --END-- [ RunTime:0.000071s ]
ERR: 无法加载模块:Home

[ 2014-02-18T17:49:50+08:00 ] 127.0.0.1 /ApacalBlog/index.php
INFO: [ app_init ] --START--
INFO: Run Behavior\BuildLiteBehavior [ RunTime:0.000021s ]
INFO: [ app_init ] --END-- [ RunTime:0.000120s ]
ERR: 无法加载模块:Home

[ 2014-02-18T17:51:10+08:00 ] 127.0.0.1 /ApacalBlog/admin.php
INFO: [ app_init ] --START--
INFO: Run Behavior\BuildLiteBehavior [ RunTime:0.000014s ]
INFO: [ app_init ] --END-- [ RunTime:0.000071s ]
ERR: 无法加载模块:Home

[ 2014-02-18T17:51:11+08:00 ] 127.0.0.1 /ApacalBlog/admin.php
INFO: [ app_init ] --START--
INFO: Run Behavior\BuildLiteBehavior [ RunTime:0.000022s ]
INFO: [ app_init ] --END-- [ RunTime:0.000125s ]
ERR: 无法加载模块:Home

[ 2014-02-18T17:51:11+08:00 ] 127.0.0.1 /ApacalBlog/admin.php
INFO: [ app_init ] --START--
INFO: Run Behavior\BuildLiteBehavior [ RunTime:0.000041s ]
INFO: [ app_init ] --END-- [ RunTime:0.000190s ]
ERR: 无法加载模块:Home

[ 2014-02-18T17:51:11+08:00 ] 127.0.0.1 /ApacalBlog/admin.php
INFO: [ app_init ] --START--
INFO: Run Behavior\BuildLiteBehavior [ RunTime:0.000054s ]
INFO: [ app_init ] --END-- [ RunTime:0.000257s ]
ERR: 无法加载模块:Home

[ 2014-02-18T17:51:15+08:00 ] 127.0.0.1 /ApacalBlog/
NOTIC: [2] mkdir(): Permission denied /home/apacal/www/ApacalBlog/ThinkPHP/Common/build.php 第 44 行.

[ 2014-02-18T17:51:28+08:00 ] 127.0.0.1 /ApacalBlog/admin.php
INFO: [ app_init ] --START--
INFO: Run Behavior\BuildLiteBehavior [ RunTime:0.000018s ]
INFO: [ app_init ] --END-- [ RunTime:0.000114s ]
ERR: 无法加载模块:Home

[ 2014-02-18T17:51:57+08:00 ] 127.0.0.1 /ApacalBlog/admin.php
INFO: [ app_init ] --START--
INFO: Run Behavior\BuildLiteBehavior [ RunTime:0.000021s ]
INFO: [ app_init ] --END-- [ RunTime:0.000116s ]
ERR: 无法加载模块:Home

