[ 2013-09-04T13:16:51+08:00 ] 127.0.0.1 /ThinkScientific/trunk/
INFO: [ app_begin ] --START--
INFO: Run ReadHtmlCache Behavior [ RunTime:0.002180s ]
INFO: [ app_begin ] --END-- [ RunTime:0.002334s ]
SQL: SHOW COLUMNS FROM `ts_about_us` [ RunTime:0.037144s ]
SQL: SELECT * FROM `ts_about_us` WHERE open=1 ORDER BY id desc LIMIT 3   [ RunTime:0.016812s ]
SQL: SHOW COLUMNS FROM `ts_progress` [ RunTime:0.012704s ]
SQL: SELECT * FROM `ts_progress` WHERE open=1 ORDER BY id desc LIMIT 3   [ RunTime:0.009704s ]
SQL: SHOW COLUMNS FROM `ts_data` [ RunTime:0.004718s ]
SQL: SELECT * FROM `ts_data` WHERE open=1 ORDER BY id desc LIMIT 12   [ RunTime:0.027619s ]
SQL: SHOW COLUMNS FROM `ts_flash_news` [ RunTime:0.023008s ]
SQL: SELECT * FROM `ts_flash_news` WHERE open=1 ORDER BY position asc  [ RunTime:0.000671s ]
SQL: SELECT * FROM `ts_data` ORDER BY id desc LIMIT 10   [ RunTime:0.001456s ]
SQL: SHOW COLUMNS FROM `ts_home` [ RunTime:0.039164s ]
SQL: SELECT * FROM `ts_home` WHERE open=1 ORDER BY id desc LIMIT 1   [ RunTime:0.000376s ]
INFO: [ view_template ] --START--
INFO: Run LocationTemplate Behavior [ RunTime:0.010453s ]
INFO: [ view_template ] --END-- [ RunTime:0.010560s ]
INFO: [ view_parse ] --START--
INFO: Run ParseTemplate Behavior [ RunTime:0.121803s ]
INFO: [ view_parse ] --END-- [ RunTime:0.121917s ]
INFO: [ view_filter ] --START--
INFO: Run ContentReplace Behavior [ RunTime:0.002295s ]
INFO: Run TokenBuild Behavior [ RunTime:0.001801s ]
INFO: Run WriteHtmlCache Behavior [ RunTime:0.001805s ]
INFO: Run ShowRuntime Behavior [ RunTime:0.001665s ]
INFO: [ view_filter ] --END-- [ RunTime:0.007789s ]
INFO: [ view_end ] --START--
INFO: Run ShowPageTrace Behavior [ RunTime:0.002082s ]
INFO: [ view_end ] --END-- [ RunTime:0.002161s ]

[ 2013-09-04T13:17:07+08:00 ] ERR: (ThinkException) 无法加载模块:GetNotie
[ 2013-09-04T13:17:21+08:00 ] ERR: (ThinkException) 无法加载模块:GetNotice
[ 2013-09-04T13:18:13+08:00 ] ERR: (ThinkException) 无法加载模块:GetNotie
