[ 2013-06-19T00:00:58+08:00 ] 127.0.0.1 /ThinkScientific/trunk/
INFO: [ app_begin ] --START--
INFO: Run ReadHtmlCache Behavior [ RunTime:0.001103s ]
INFO: [ app_begin ] --END-- [ RunTime:0.001178s ]
SQL: SHOW COLUMNS FROM `ts_about_us` [ RunTime:0.028844s ]
SQL: SELECT * FROM `ts_about_us` WHERE open=1 ORDER BY id desc LIMIT 3   [ RunTime:0.013538s ]
SQL: SHOW COLUMNS FROM `ts_progress` [ RunTime:0.019519s ]
SQL: SELECT * FROM `ts_progress` WHERE open=1 ORDER BY id desc LIMIT 3   [ RunTime:0.004539s ]
SQL: SHOW COLUMNS FROM `ts_data` [ RunTime:0.011358s ]
SQL: SELECT * FROM `ts_data` WHERE open=1 ORDER BY id desc LIMIT 12   [ RunTime:0.062161s ]
SQL: SHOW COLUMNS FROM `ts_flash_news` [ RunTime:0.056079s ]
SQL: SELECT * FROM `ts_flash_news` WHERE open=1 ORDER BY position asc  [ RunTime:0.001836s ]
SQL: SELECT * FROM `ts_data` ORDER BY id desc LIMIT 10   [ RunTime:0.014807s ]
SQL: SHOW COLUMNS FROM `ts_home` [ RunTime:0.015015s ]
SQL: SELECT * FROM `ts_home` WHERE open=1 ORDER BY id desc LIMIT 1   [ RunTime:0.002195s ]
INFO: [ view_template ] --START--
INFO: Run LocationTemplate Behavior [ RunTime:0.010984s ]
INFO: [ view_template ] --END-- [ RunTime:0.011061s ]
INFO: [ view_parse ] --START--
INFO: Run ParseTemplate Behavior [ RunTime:0.097119s ]
INFO: [ view_parse ] --END-- [ RunTime:0.097177s ]
INFO: [ view_filter ] --START--
INFO: Run ContentReplace Behavior [ RunTime:0.001285s ]
INFO: Run TokenBuild Behavior [ RunTime:0.000712s ]
INFO: Run WriteHtmlCache Behavior [ RunTime:0.000754s ]
INFO: Run ShowRuntime Behavior [ RunTime:0.001137s ]
INFO: [ view_filter ] --END-- [ RunTime:0.004008s ]
INFO: [ view_end ] --START--
INFO: Run ShowPageTrace Behavior [ RunTime:0.001097s ]
INFO: [ view_end ] --END-- [ RunTime:0.001141s ]

