[ 2014-03-23T19:21:30+08:00 ] 121.8.171.179 /ts/
INFO: [ app_begin ] --START--
INFO: Run ReadHtmlCache Behavior [ RunTime:0.000900s ]
INFO: [ app_begin ] --END-- [ RunTime:0.001032s ]
SQL: SHOW COLUMNS FROM `ts_about_us` [ RunTime:0.000706s ]
SQL: SELECT * FROM `ts_about_us` WHERE open=1 ORDER BY id desc LIMIT 3   [ RunTime:0.000269s ]
SQL: SHOW COLUMNS FROM `ts_progress` [ RunTime:0.000487s ]
SQL: SELECT * FROM `ts_progress` WHERE open=1 ORDER BY id desc LIMIT 3   [ RunTime:0.000221s ]
SQL: SHOW COLUMNS FROM `ts_data` [ RunTime:0.000477s ]
SQL: SELECT * FROM `ts_data` WHERE open=1 ORDER BY id desc LIMIT 12   [ RunTime:0.000201s ]
SQL: SHOW COLUMNS FROM `ts_flash_news` [ RunTime:0.000476s ]
SQL: SELECT * FROM `ts_flash_news` WHERE open=1 ORDER BY position asc  [ RunTime:0.000172s ]
SQL: SELECT * FROM `ts_data` ORDER BY id desc LIMIT 10   [ RunTime:0.000160s ]
SQL: SHOW COLUMNS FROM `ts_home` [ RunTime:0.000500s ]
SQL: SELECT * FROM `ts_home` WHERE open=1 ORDER BY id desc LIMIT 1   [ RunTime:0.000134s ]
INFO: [ view_template ] --START--
INFO: Run LocationTemplate Behavior [ RunTime:0.000755s ]
INFO: [ view_template ] --END-- [ RunTime:0.000812s ]
INFO: [ view_parse ] --START--
INFO: Run ParseTemplate Behavior [ RunTime:0.014224s ]
INFO: [ view_parse ] --END-- [ RunTime:0.014288s ]
INFO: [ view_filter ] --START--
INFO: Run ContentReplace Behavior [ RunTime:0.001015s ]
INFO: Run TokenBuild Behavior [ RunTime:0.000815s ]
INFO: Run WriteHtmlCache Behavior [ RunTime:0.000770s ]
INFO: Run ShowRuntime Behavior [ RunTime:0.000859s ]
INFO: [ view_filter ] --END-- [ RunTime:0.003610s ]
INFO: [ view_end ] --START--
INFO: Run ShowPageTrace Behavior [ RunTime:0.001016s ]
INFO: [ view_end ] --END-- [ RunTime:0.001065s ]

[ 2014-03-23T19:21:53+08:00 ] 121.8.171.179 /ts/index.php/Data/menu
INFO: [ route_check ] --START--
INFO: Run CheckRoute Behavior [ RunTime:0.001670s ]
INFO: [ route_check ] --END-- [ RunTime:0.001777s ]
INFO: [ app_begin ] --START--
INFO: Run ReadHtmlCache Behavior [ RunTime:0.001024s ]
INFO: [ app_begin ] --END-- [ RunTime:0.001078s ]
NOTIC: [8] Undefined index: way /www/ApacalBlog/ts/Home/Lib/Custom/Action/HomeBaseAction.class.php 第 36 行.
NOTIC: [8] Undefined index: family /www/ApacalBlog/ts/Home/Lib/Custom/Action/HomeBaseAction.class.php 第 37 行.
NOTIC: [8] Undefined index: searchKind /www/ApacalBlog/ts/Home/Lib/Custom/Action/HomeBaseAction.class.php 第 45 行.
NOTIC: [8] Undefined index: searchKey /www/ApacalBlog/ts/Home/Lib/Custom/Action/HomeBaseAction.class.php 第 46 行.
SQL: SHOW COLUMNS FROM `ts_about_us` [ RunTime:0.000628s ]
SQL: SELECT * FROM `ts_about_us` WHERE open=1 ORDER BY id desc LIMIT 3   [ RunTime:0.000080s ]
SQL: SHOW COLUMNS FROM `ts_progress` [ RunTime:0.000406s ]
SQL: SELECT * FROM `ts_progress` WHERE open=1 ORDER BY id desc LIMIT 3   [ RunTime:0.000085s ]
SQL: SHOW COLUMNS FROM `ts_data` [ RunTime:0.000399s ]
SQL: SELECT * FROM `ts_data` WHERE open=1 ORDER BY id desc LIMIT 12   [ RunTime:0.000063s ]
SQL: SELECT COUNT(*) AS tp_count FROM `ts_data` WHERE ( `open` = 1 ) LIMIT 1   [ RunTime:0.004597s ]
SQL: SELECT * FROM `ts_data` WHERE ( `open` = 1 ) ORDER BY id desc LIMIT 0,20   [ RunTime:0.000322s ]
INFO: [ view_template ] --START--
INFO: Run LocationTemplate Behavior [ RunTime:0.000901s ]
INFO: [ view_template ] --END-- [ RunTime:0.000957s ]
INFO: [ view_parse ] --START--
NOTIC: [8] Undefined index: way /www/ApacalBlog/ts/Home/Runtime/Cache/694c64f37b93e001965f6aa847c61641.php 第 94 行.
NOTIC: [8] Undefined index: searchKind /www/ApacalBlog/ts/Home/Runtime/Cache/694c64f37b93e001965f6aa847c61641.php 第 94 行.
NOTIC: [8] Undefined index: searchKey /www/ApacalBlog/ts/Home/Runtime/Cache/694c64f37b93e001965f6aa847c61641.php 第 94 行.
NOTIC: [8] Undefined index: way /www/ApacalBlog/ts/Home/Runtime/Cache/694c64f37b93e001965f6aa847c61641.php 第 95 行.
NOTIC: [8] Undefined index: searchKind /www/ApacalBlog/ts/Home/Runtime/Cache/694c64f37b93e001965f6aa847c61641.php 第 95 行.
NOTIC: [8] Undefined index: searchKey /www/ApacalBlog/ts/Home/Runtime/Cache/694c64f37b93e001965f6aa847c61641.php 第 95 行.
NOTIC: [8] Undefined index: way /www/ApacalBlog/ts/Home/Runtime/Cache/694c64f37b93e001965f6aa847c61641.php 第 96 行.
NOTIC: [8] Undefined index: searchKind /www/ApacalBlog/ts/Home/Runtime/Cache/694c64f37b93e001965f6aa847c61641.php 第 96 行.
NOTIC: [8] Undefined index: searchKey /www/ApacalBlog/ts/Home/Runtime/Cache/694c64f37b93e001965f6aa847c61641.php 第 96 行.
INFO: Run ParseTemplate Behavior [ RunTime:0.011511s ]
INFO: [ view_parse ] --END-- [ RunTime:0.011565s ]
INFO: [ view_filter ] --START--
INFO: Run ContentReplace Behavior [ RunTime:0.000784s ]
INFO: Run TokenBuild Behavior [ RunTime:0.001206s ]
INFO: Run WriteHtmlCache Behavior [ RunTime:0.001108s ]
INFO: Run ShowRuntime Behavior [ RunTime:0.001312s ]
INFO: [ view_filter ] --END-- [ RunTime:0.004628s ]
INFO: [ view_end ] --START--
INFO: Run ShowPageTrace Behavior [ RunTime:0.001259s ]
INFO: [ view_end ] --END-- [ RunTime:0.001325s ]

[ 2014-03-23T19:21:58+08:00 ] 121.8.171.179 /ts/index.php/Data/menu/p/3
INFO: [ route_check ] --START--
INFO: Run CheckRoute Behavior [ RunTime:0.001656s ]
INFO: [ route_check ] --END-- [ RunTime:0.001761s ]
INFO: [ app_begin ] --START--
INFO: Run ReadHtmlCache Behavior [ RunTime:0.001247s ]
INFO: [ app_begin ] --END-- [ RunTime:0.001335s ]
NOTIC: [8] Undefined index: way /www/ApacalBlog/ts/Home/Lib/Custom/Action/HomeBaseAction.class.php 第 36 行.
NOTIC: [8] Undefined index: family /www/ApacalBlog/ts/Home/Lib/Custom/Action/HomeBaseAction.class.php 第 37 行.
NOTIC: [8] Undefined index: searchKind /www/ApacalBlog/ts/Home/Lib/Custom/Action/HomeBaseAction.class.php 第 45 行.
NOTIC: [8] Undefined index: searchKey /www/ApacalBlog/ts/Home/Lib/Custom/Action/HomeBaseAction.class.php 第 46 行.
SQL: SHOW COLUMNS FROM `ts_about_us` [ RunTime:0.000634s ]
SQL: SELECT * FROM `ts_about_us` WHERE open=1 ORDER BY id desc LIMIT 3   [ RunTime:0.000086s ]
SQL: SHOW COLUMNS FROM `ts_progress` [ RunTime:0.000407s ]
SQL: SELECT * FROM `ts_progress` WHERE open=1 ORDER BY id desc LIMIT 3   [ RunTime:0.000134s ]
SQL: SHOW COLUMNS FROM `ts_data` [ RunTime:0.000516s ]
SQL: SELECT * FROM `ts_data` WHERE open=1 ORDER BY id desc LIMIT 12   [ RunTime:0.000088s ]
SQL: SELECT COUNT(*) AS tp_count FROM `ts_data` WHERE ( `open` = 1 ) LIMIT 1   [ RunTime:0.000121s ]
SQL: SELECT * FROM `ts_data` WHERE ( `open` = 1 ) ORDER BY id desc LIMIT 40,20   [ RunTime:0.000407s ]
INFO: [ view_template ] --START--
INFO: Run LocationTemplate Behavior [ RunTime:0.000771s ]
INFO: [ view_template ] --END-- [ RunTime:0.000830s ]
INFO: [ view_parse ] --START--
NOTIC: [8] Undefined index: way /www/ApacalBlog/ts/Home/Runtime/Cache/694c64f37b93e001965f6aa847c61641.php 第 94 行.
NOTIC: [8] Undefined index: searchKind /www/ApacalBlog/ts/Home/Runtime/Cache/694c64f37b93e001965f6aa847c61641.php 第 94 行.
NOTIC: [8] Undefined index: searchKey /www/ApacalBlog/ts/Home/Runtime/Cache/694c64f37b93e001965f6aa847c61641.php 第 94 行.
NOTIC: [8] Undefined index: way /www/ApacalBlog/ts/Home/Runtime/Cache/694c64f37b93e001965f6aa847c61641.php 第 95 行.
NOTIC: [8] Undefined index: searchKind /www/ApacalBlog/ts/Home/Runtime/Cache/694c64f37b93e001965f6aa847c61641.php 第 95 行.
NOTIC: [8] Undefined index: searchKey /www/ApacalBlog/ts/Home/Runtime/Cache/694c64f37b93e001965f6aa847c61641.php 第 95 行.
NOTIC: [8] Undefined index: way /www/ApacalBlog/ts/Home/Runtime/Cache/694c64f37b93e001965f6aa847c61641.php 第 96 行.
NOTIC: [8] Undefined index: searchKind /www/ApacalBlog/ts/Home/Runtime/Cache/694c64f37b93e001965f6aa847c61641.php 第 96 行.
NOTIC: [8] Undefined index: searchKey /www/ApacalBlog/ts/Home/Runtime/Cache/694c64f37b93e001965f6aa847c61641.php 第 96 行.
INFO: Run ParseTemplate Behavior [ RunTime:0.016609s ]
INFO: [ view_parse ] --END-- [ RunTime:0.016733s ]
INFO: [ view_filter ] --START--
INFO: Run ContentReplace Behavior [ RunTime:0.000874s ]
INFO: Run TokenBuild Behavior [ RunTime:0.000771s ]
INFO: Run WriteHtmlCache Behavior [ RunTime:0.000714s ]
INFO: Run ShowRuntime Behavior [ RunTime:0.000871s ]
INFO: [ view_filter ] --END-- [ RunTime:0.003372s ]
INFO: [ view_end ] --START--
INFO: Run ShowPageTrace Behavior [ RunTime:0.000937s ]
INFO: [ view_end ] --END-- [ RunTime:0.000984s ]

[ 2014-03-23T19:22:01+08:00 ] 121.8.171.179 /ts/index.php/Data/menu/p/5
INFO: [ route_check ] --START--
INFO: Run CheckRoute Behavior [ RunTime:0.001117s ]
INFO: [ route_check ] --END-- [ RunTime:0.001189s ]
INFO: [ app_begin ] --START--
INFO: Run ReadHtmlCache Behavior [ RunTime:0.000920s ]
INFO: [ app_begin ] --END-- [ RunTime:0.000972s ]
NOTIC: [8] Undefined index: way /www/ApacalBlog/ts/Home/Lib/Custom/Action/HomeBaseAction.class.php 第 36 行.
NOTIC: [8] Undefined index: family /www/ApacalBlog/ts/Home/Lib/Custom/Action/HomeBaseAction.class.php 第 37 行.
NOTIC: [8] Undefined index: searchKind /www/ApacalBlog/ts/Home/Lib/Custom/Action/HomeBaseAction.class.php 第 45 行.
NOTIC: [8] Undefined index: searchKey /www/ApacalBlog/ts/Home/Lib/Custom/Action/HomeBaseAction.class.php 第 46 行.
SQL: SHOW COLUMNS FROM `ts_about_us` [ RunTime:0.000633s ]
SQL: SELECT * FROM `ts_about_us` WHERE open=1 ORDER BY id desc LIMIT 3   [ RunTime:0.000085s ]
SQL: SHOW COLUMNS FROM `ts_progress` [ RunTime:0.000412s ]
SQL: SELECT * FROM `ts_progress` WHERE open=1 ORDER BY id desc LIMIT 3   [ RunTime:0.000097s ]
SQL: SHOW COLUMNS FROM `ts_data` [ RunTime:0.000396s ]
SQL: SELECT * FROM `ts_data` WHERE open=1 ORDER BY id desc LIMIT 12   [ RunTime:0.000062s ]
SQL: SELECT COUNT(*) AS tp_count FROM `ts_data` WHERE ( `open` = 1 ) LIMIT 1   [ RunTime:0.000118s ]
SQL: SELECT * FROM `ts_data` WHERE ( `open` = 1 ) ORDER BY id desc LIMIT 80,20   [ RunTime:0.000693s ]
INFO: [ view_template ] --START--
INFO: Run LocationTemplate Behavior [ RunTime:0.000945s ]
INFO: [ view_template ] --END-- [ RunTime:0.001014s ]
INFO: [ view_parse ] --START--
NOTIC: [8] Undefined index: way /www/ApacalBlog/ts/Home/Runtime/Cache/694c64f37b93e001965f6aa847c61641.php 第 94 行.
NOTIC: [8] Undefined index: searchKind /www/ApacalBlog/ts/Home/Runtime/Cache/694c64f37b93e001965f6aa847c61641.php 第 94 行.
NOTIC: [8] Undefined index: searchKey /www/ApacalBlog/ts/Home/Runtime/Cache/694c64f37b93e001965f6aa847c61641.php 第 94 行.
NOTIC: [8] Undefined index: way /www/ApacalBlog/ts/Home/Runtime/Cache/694c64f37b93e001965f6aa847c61641.php 第 95 行.
NOTIC: [8] Undefined index: searchKind /www/ApacalBlog/ts/Home/Runtime/Cache/694c64f37b93e001965f6aa847c61641.php 第 95 行.
NOTIC: [8] Undefined index: searchKey /www/ApacalBlog/ts/Home/Runtime/Cache/694c64f37b93e001965f6aa847c61641.php 第 95 行.
NOTIC: [8] Undefined index: way /www/ApacalBlog/ts/Home/Runtime/Cache/694c64f37b93e001965f6aa847c61641.php 第 96 行.
NOTIC: [8] Undefined index: searchKind /www/ApacalBlog/ts/Home/Runtime/Cache/694c64f37b93e001965f6aa847c61641.php 第 96 行.
NOTIC: [8] Undefined index: searchKey /www/ApacalBlog/ts/Home/Runtime/Cache/694c64f37b93e001965f6aa847c61641.php 第 96 行.
INFO: Run ParseTemplate Behavior [ RunTime:0.011657s ]
INFO: [ view_parse ] --END-- [ RunTime:0.011714s ]
INFO: [ view_filter ] --START--
INFO: Run ContentReplace Behavior [ RunTime:0.000770s ]
INFO: Run TokenBuild Behavior [ RunTime:0.000803s ]
INFO: Run WriteHtmlCache Behavior [ RunTime:0.000743s ]
INFO: Run ShowRuntime Behavior [ RunTime:0.000851s ]
INFO: [ view_filter ] --END-- [ RunTime:0.003310s ]
INFO: [ view_end ] --START--
INFO: Run ShowPageTrace Behavior [ RunTime:0.000984s ]
INFO: [ view_end ] --END-- [ RunTime:0.001030s ]

[ 2014-03-23T19:22:06+08:00 ] 121.8.171.179 /ts/index.php/Data/menu/p/83
INFO: [ route_check ] --START--
INFO: Run CheckRoute Behavior [ RunTime:0.001096s ]
INFO: [ route_check ] --END-- [ RunTime:0.001168s ]
INFO: [ app_begin ] --START--
INFO: Run ReadHtmlCache Behavior [ RunTime:0.000942s ]
INFO: [ app_begin ] --END-- [ RunTime:0.000993s ]
NOTIC: [8] Undefined index: way /www/ApacalBlog/ts/Home/Lib/Custom/Action/HomeBaseAction.class.php 第 36 行.
NOTIC: [8] Undefined index: family /www/ApacalBlog/ts/Home/Lib/Custom/Action/HomeBaseAction.class.php 第 37 行.
NOTIC: [8] Undefined index: searchKind /www/ApacalBlog/ts/Home/Lib/Custom/Action/HomeBaseAction.class.php 第 45 行.
NOTIC: [8] Undefined index: searchKey /www/ApacalBlog/ts/Home/Lib/Custom/Action/HomeBaseAction.class.php 第 46 行.
SQL: SHOW COLUMNS FROM `ts_about_us` [ RunTime:0.000625s ]
SQL: SELECT * FROM `ts_about_us` WHERE open=1 ORDER BY id desc LIMIT 3   [ RunTime:0.000084s ]
SQL: SHOW COLUMNS FROM `ts_progress` [ RunTime:0.000404s ]
SQL: SELECT * FROM `ts_progress` WHERE open=1 ORDER BY id desc LIMIT 3   [ RunTime:0.000096s ]
SQL: SHOW COLUMNS FROM `ts_data` [ RunTime:0.000403s ]
SQL: SELECT * FROM `ts_data` WHERE open=1 ORDER BY id desc LIMIT 12   [ RunTime:0.000068s ]
SQL: SELECT COUNT(*) AS tp_count FROM `ts_data` WHERE ( `open` = 1 ) LIMIT 1   [ RunTime:0.000122s ]
SQL: SELECT * FROM `ts_data` WHERE ( `open` = 1 ) ORDER BY id desc LIMIT 1640,20   [ RunTime:0.007113s ]
INFO: [ view_template ] --START--
INFO: Run LocationTemplate Behavior [ RunTime:0.001050s ]
INFO: [ view_template ] --END-- [ RunTime:0.001104s ]
INFO: [ view_parse ] --START--
NOTIC: [8] Undefined index: way /www/ApacalBlog/ts/Home/Runtime/Cache/694c64f37b93e001965f6aa847c61641.php 第 94 行.
NOTIC: [8] Undefined index: searchKind /www/ApacalBlog/ts/Home/Runtime/Cache/694c64f37b93e001965f6aa847c61641.php 第 94 行.
NOTIC: [8] Undefined index: searchKey /www/ApacalBlog/ts/Home/Runtime/Cache/694c64f37b93e001965f6aa847c61641.php 第 94 行.
NOTIC: [8] Undefined index: way /www/ApacalBlog/ts/Home/Runtime/Cache/694c64f37b93e001965f6aa847c61641.php 第 95 行.
NOTIC: [8] Undefined index: searchKind /www/ApacalBlog/ts/Home/Runtime/Cache/694c64f37b93e001965f6aa847c61641.php 第 95 行.
NOTIC: [8] Undefined index: searchKey /www/ApacalBlog/ts/Home/Runtime/Cache/694c64f37b93e001965f6aa847c61641.php 第 95 行.
NOTIC: [8] Undefined index: way /www/ApacalBlog/ts/Home/Runtime/Cache/694c64f37b93e001965f6aa847c61641.php 第 96 行.
NOTIC: [8] Undefined index: searchKind /www/ApacalBlog/ts/Home/Runtime/Cache/694c64f37b93e001965f6aa847c61641.php 第 96 行.
NOTIC: [8] Undefined index: searchKey /www/ApacalBlog/ts/Home/Runtime/Cache/694c64f37b93e001965f6aa847c61641.php 第 96 行.
INFO: Run ParseTemplate Behavior [ RunTime:0.011796s ]
INFO: [ view_parse ] --END-- [ RunTime:0.011855s ]
INFO: [ view_filter ] --START--
INFO: Run ContentReplace Behavior [ RunTime:0.000824s ]
INFO: Run TokenBuild Behavior [ RunTime:0.000773s ]
INFO: Run WriteHtmlCache Behavior [ RunTime:0.000705s ]
INFO: Run ShowRuntime Behavior [ RunTime:0.000893s ]
INFO: [ view_filter ] --END-- [ RunTime:0.003338s ]
INFO: [ view_end ] --START--
INFO: Run ShowPageTrace Behavior [ RunTime:0.000949s ]
INFO: [ view_end ] --END-- [ RunTime:0.000996s ]

[ 2014-03-23T19:22:10+08:00 ] 121.8.171.179 /ts/index.php/Data/menu/p/82
INFO: [ route_check ] --START--
INFO: Run CheckRoute Behavior [ RunTime:0.001069s ]
INFO: [ route_check ] --END-- [ RunTime:0.001142s ]
INFO: [ app_begin ] --START--
INFO: Run ReadHtmlCache Behavior [ RunTime:0.000878s ]
INFO: [ app_begin ] --END-- [ RunTime:0.000929s ]
NOTIC: [8] Undefined index: way /www/ApacalBlog/ts/Home/Lib/Custom/Action/HomeBaseAction.class.php 第 36 行.
NOTIC: [8] Undefined index: family /www/ApacalBlog/ts/Home/Lib/Custom/Action/HomeBaseAction.class.php 第 37 行.
NOTIC: [8] Undefined index: searchKind /www/ApacalBlog/ts/Home/Lib/Custom/Action/HomeBaseAction.class.php 第 45 行.
NOTIC: [8] Undefined index: searchKey /www/ApacalBlog/ts/Home/Lib/Custom/Action/HomeBaseAction.class.php 第 46 行.
SQL: SHOW COLUMNS FROM `ts_about_us` [ RunTime:0.000639s ]
SQL: SELECT * FROM `ts_about_us` WHERE open=1 ORDER BY id desc LIMIT 3   [ RunTime:0.000085s ]
SQL: SHOW COLUMNS FROM `ts_progress` [ RunTime:0.000448s ]
SQL: SELECT * FROM `ts_progress` WHERE open=1 ORDER BY id desc LIMIT 3   [ RunTime:0.000098s ]
SQL: SHOW COLUMNS FROM `ts_data` [ RunTime:0.000402s ]
SQL: SELECT * FROM `ts_data` WHERE open=1 ORDER BY id desc LIMIT 12   [ RunTime:0.000068s ]
SQL: SELECT COUNT(*) AS tp_count FROM `ts_data` WHERE ( `open` = 1 ) LIMIT 1   [ RunTime:0.000121s ]
SQL: SELECT * FROM `ts_data` WHERE ( `open` = 1 ) ORDER BY id desc LIMIT 1620,20   [ RunTime:0.004773s ]
INFO: [ view_template ] --START--
INFO: Run LocationTemplate Behavior [ RunTime:0.001025s ]
INFO: [ view_template ] --END-- [ RunTime:0.001080s ]
INFO: [ view_parse ] --START--
NOTIC: [8] Undefined index: way /www/ApacalBlog/ts/Home/Runtime/Cache/694c64f37b93e001965f6aa847c61641.php 第 94 行.
NOTIC: [8] Undefined index: searchKind /www/ApacalBlog/ts/Home/Runtime/Cache/694c64f37b93e001965f6aa847c61641.php 第 94 行.
NOTIC: [8] Undefined index: searchKey /www/ApacalBlog/ts/Home/Runtime/Cache/694c64f37b93e001965f6aa847c61641.php 第 94 行.
NOTIC: [8] Undefined index: way /www/ApacalBlog/ts/Home/Runtime/Cache/694c64f37b93e001965f6aa847c61641.php 第 95 行.
NOTIC: [8] Undefined index: searchKind /www/ApacalBlog/ts/Home/Runtime/Cache/694c64f37b93e001965f6aa847c61641.php 第 95 行.
NOTIC: [8] Undefined index: searchKey /www/ApacalBlog/ts/Home/Runtime/Cache/694c64f37b93e001965f6aa847c61641.php 第 95 行.
NOTIC: [8] Undefined index: way /www/ApacalBlog/ts/Home/Runtime/Cache/694c64f37b93e001965f6aa847c61641.php 第 96 行.
NOTIC: [8] Undefined index: searchKind /www/ApacalBlog/ts/Home/Runtime/Cache/694c64f37b93e001965f6aa847c61641.php 第 96 行.
NOTIC: [8] Undefined index: searchKey /www/ApacalBlog/ts/Home/Runtime/Cache/694c64f37b93e001965f6aa847c61641.php 第 96 行.
INFO: Run ParseTemplate Behavior [ RunTime:0.010902s ]
INFO: [ view_parse ] --END-- [ RunTime:0.010952s ]
INFO: [ view_filter ] --START--
INFO: Run ContentReplace Behavior [ RunTime:0.000756s ]
INFO: Run TokenBuild Behavior [ RunTime:0.000789s ]
INFO: Run WriteHtmlCache Behavior [ RunTime:0.000688s ]
INFO: Run ShowRuntime Behavior [ RunTime:0.000865s ]
INFO: [ view_filter ] --END-- [ RunTime:0.003235s ]
INFO: [ view_end ] --START--
INFO: Run ShowPageTrace Behavior [ RunTime:0.000930s ]
INFO: [ view_end ] --END-- [ RunTime:0.000977s ]

[ 2014-03-23T19:22:11+08:00 ] 121.8.171.179 /ts/index.php/Index/index
INFO: [ route_check ] --START--
INFO: Run CheckRoute Behavior [ RunTime:0.001093s ]
INFO: [ route_check ] --END-- [ RunTime:0.001165s ]
INFO: [ app_begin ] --START--
INFO: Run ReadHtmlCache Behavior [ RunTime:0.000890s ]
INFO: [ app_begin ] --END-- [ RunTime:0.000940s ]
SQL: SHOW COLUMNS FROM `ts_about_us` [ RunTime:0.000742s ]
SQL: SELECT * FROM `ts_about_us` WHERE open=1 ORDER BY id desc LIMIT 3   [ RunTime:0.000084s ]
SQL: SHOW COLUMNS FROM `ts_progress` [ RunTime:0.006471s ]
SQL: SELECT * FROM `ts_progress` WHERE open=1 ORDER BY id desc LIMIT 3   [ RunTime:0.000163s ]
SQL: SHOW COLUMNS FROM `ts_data` [ RunTime:0.000577s ]
SQL: SELECT * FROM `ts_data` WHERE open=1 ORDER BY id desc LIMIT 12   [ RunTime:0.000072s ]
SQL: SHOW COLUMNS FROM `ts_flash_news` [ RunTime:0.000408s ]
SQL: SELECT * FROM `ts_flash_news` WHERE open=1 ORDER BY position asc  [ RunTime:0.000069s ]
SQL: SELECT * FROM `ts_data` ORDER BY id desc LIMIT 10   [ RunTime:0.000066s ]
SQL: SHOW COLUMNS FROM `ts_home` [ RunTime:0.000405s ]
SQL: SELECT * FROM `ts_home` WHERE open=1 ORDER BY id desc LIMIT 1   [ RunTime:0.000067s ]
INFO: [ view_template ] --START--
INFO: Run LocationTemplate Behavior [ RunTime:0.000973s ]
INFO: [ view_template ] --END-- [ RunTime:0.001029s ]
INFO: [ view_parse ] --START--
INFO: Run ParseTemplate Behavior [ RunTime:0.013357s ]
INFO: [ view_parse ] --END-- [ RunTime:0.013412s ]
INFO: [ view_filter ] --START--
INFO: Run ContentReplace Behavior [ RunTime:0.000779s ]
INFO: Run TokenBuild Behavior [ RunTime:0.000793s ]
INFO: Run WriteHtmlCache Behavior [ RunTime:0.000782s ]
INFO: Run ShowRuntime Behavior [ RunTime:0.000849s ]
INFO: [ view_filter ] --END-- [ RunTime:0.003342s ]
INFO: [ view_end ] --START--
INFO: Run ShowPageTrace Behavior [ RunTime:0.000918s ]
INFO: [ view_end ] --END-- [ RunTime:0.000964s ]

[ 2014-03-23T19:22:45+08:00 ] 121.8.171.179 /ts/index.php/Index/index
INFO: [ route_check ] --START--
INFO: Run CheckRoute Behavior [ RunTime:0.001108s ]
INFO: [ route_check ] --END-- [ RunTime:0.001190s ]
INFO: [ app_begin ] --START--
INFO: Run ReadHtmlCache Behavior [ RunTime:0.000893s ]
INFO: [ app_begin ] --END-- [ RunTime:0.000944s ]
SQL: SHOW COLUMNS FROM `ts_about_us` [ RunTime:0.000623s ]
SQL: SELECT * FROM `ts_about_us` WHERE open=1 ORDER BY id desc LIMIT 3   [ RunTime:0.000085s ]
SQL: SHOW COLUMNS FROM `ts_progress` [ RunTime:0.000415s ]
SQL: SELECT * FROM `ts_progress` WHERE open=1 ORDER BY id desc LIMIT 3   [ RunTime:0.000097s ]
SQL: SHOW COLUMNS FROM `ts_data` [ RunTime:0.000406s ]
SQL: SELECT * FROM `ts_data` WHERE open=1 ORDER BY id desc LIMIT 12   [ RunTime:0.000070s ]
SQL: SHOW COLUMNS FROM `ts_flash_news` [ RunTime:0.000403s ]
SQL: SELECT * FROM `ts_flash_news` WHERE open=1 ORDER BY position asc  [ RunTime:0.000067s ]
SQL: SELECT * FROM `ts_data` ORDER BY id desc LIMIT 10   [ RunTime:0.000065s ]
SQL: SHOW COLUMNS FROM `ts_home` [ RunTime:0.000399s ]
SQL: SELECT * FROM `ts_home` WHERE open=1 ORDER BY id desc LIMIT 1   [ RunTime:0.000066s ]
INFO: [ view_template ] --START--
INFO: Run LocationTemplate Behavior [ RunTime:0.000980s ]
INFO: [ view_template ] --END-- [ RunTime:0.001048s ]
INFO: [ view_parse ] --START--
INFO: Run ParseTemplate Behavior [ RunTime:0.013724s ]
INFO: [ view_parse ] --END-- [ RunTime:0.013783s ]
INFO: [ view_filter ] --START--
INFO: Run ContentReplace Behavior [ RunTime:0.000812s ]
INFO: Run TokenBuild Behavior [ RunTime:0.000808s ]
INFO: Run WriteHtmlCache Behavior [ RunTime:0.000697s ]
INFO: Run ShowRuntime Behavior [ RunTime:0.000897s ]
INFO: [ view_filter ] --END-- [ RunTime:0.003359s ]
INFO: [ view_end ] --START--
INFO: Run ShowPageTrace Behavior [ RunTime:0.000936s ]
INFO: [ view_end ] --END-- [ RunTime:0.000983s ]

[ 2014-03-23T19:32:00+08:00 ] 14.17.29.92 /ts/
INFO: [ app_begin ] --START--
INFO: Run ReadHtmlCache Behavior [ RunTime:0.000874s ]
INFO: [ app_begin ] --END-- [ RunTime:0.001041s ]
SQL: SHOW COLUMNS FROM `ts_about_us` [ RunTime:0.000630s ]
SQL: SELECT * FROM `ts_about_us` WHERE open=1 ORDER BY id desc LIMIT 3   [ RunTime:0.000087s ]
SQL: SHOW COLUMNS FROM `ts_progress` [ RunTime:0.000415s ]
SQL: SELECT * FROM `ts_progress` WHERE open=1 ORDER BY id desc LIMIT 3   [ RunTime:0.000099s ]
SQL: SHOW COLUMNS FROM `ts_data` [ RunTime:0.000408s ]
SQL: SELECT * FROM `ts_data` WHERE open=1 ORDER BY id desc LIMIT 12   [ RunTime:0.000069s ]
SQL: SHOW COLUMNS FROM `ts_flash_news` [ RunTime:0.000408s ]
SQL: SELECT * FROM `ts_flash_news` WHERE open=1 ORDER BY position asc  [ RunTime:0.000069s ]
SQL: SELECT * FROM `ts_data` ORDER BY id desc LIMIT 10   [ RunTime:0.000066s ]
SQL: SHOW COLUMNS FROM `ts_home` [ RunTime:0.000412s ]
SQL: SELECT * FROM `ts_home` WHERE open=1 ORDER BY id desc LIMIT 1   [ RunTime:0.000066s ]
INFO: [ view_template ] --START--
INFO: Run LocationTemplate Behavior [ RunTime:0.000786s ]
INFO: [ view_template ] --END-- [ RunTime:0.000838s ]
INFO: [ view_parse ] --START--
INFO: Run ParseTemplate Behavior [ RunTime:0.016178s ]
INFO: [ view_parse ] --END-- [ RunTime:0.016259s ]
INFO: [ view_filter ] --START--
INFO: Run ContentReplace Behavior [ RunTime:0.001168s ]
INFO: Run TokenBuild Behavior [ RunTime:0.001201s ]
INFO: Run WriteHtmlCache Behavior [ RunTime:0.000774s ]
INFO: Run ShowRuntime Behavior [ RunTime:0.000908s ]
INFO: [ view_filter ] --END-- [ RunTime:0.004240s ]
INFO: [ view_end ] --START--
INFO: Run ShowPageTrace Behavior [ RunTime:0.000970s ]
INFO: [ view_end ] --END-- [ RunTime:0.001020s ]

[ 2014-03-23T19:32:05+08:00 ] 183.63.97.18 /ts/
INFO: [ app_begin ] --START--
INFO: Run ReadHtmlCache Behavior [ RunTime:0.000897s ]
INFO: [ app_begin ] --END-- [ RunTime:0.001020s ]
SQL: SHOW COLUMNS FROM `ts_about_us` [ RunTime:0.000639s ]
SQL: SELECT * FROM `ts_about_us` WHERE open=1 ORDER BY id desc LIMIT 3   [ RunTime:0.000083s ]
SQL: SHOW COLUMNS FROM `ts_progress` [ RunTime:0.000405s ]
SQL: SELECT * FROM `ts_progress` WHERE open=1 ORDER BY id desc LIMIT 3   [ RunTime:0.000096s ]
SQL: SHOW COLUMNS FROM `ts_data` [ RunTime:0.000400s ]
SQL: SELECT * FROM `ts_data` WHERE open=1 ORDER BY id desc LIMIT 12   [ RunTime:0.000069s ]
SQL: SHOW COLUMNS FROM `ts_flash_news` [ RunTime:0.000394s ]
SQL: SELECT * FROM `ts_flash_news` WHERE open=1 ORDER BY position asc  [ RunTime:0.000066s ]
SQL: SELECT * FROM `ts_data` ORDER BY id desc LIMIT 10   [ RunTime:0.000065s ]
SQL: SHOW COLUMNS FROM `ts_home` [ RunTime:0.000394s ]
SQL: SELECT * FROM `ts_home` WHERE open=1 ORDER BY id desc LIMIT 1   [ RunTime:0.000064s ]
INFO: [ view_template ] --START--
INFO: Run LocationTemplate Behavior [ RunTime:0.000776s ]
INFO: [ view_template ] --END-- [ RunTime:0.000826s ]
INFO: [ view_parse ] --START--
INFO: Run ParseTemplate Behavior [ RunTime:0.013345s ]
INFO: [ view_parse ] --END-- [ RunTime:0.013405s ]
INFO: [ view_filter ] --START--
INFO: Run ContentReplace Behavior [ RunTime:0.000755s ]
INFO: Run TokenBuild Behavior [ RunTime:0.000764s ]
INFO: Run WriteHtmlCache Behavior [ RunTime:0.000706s ]
INFO: Run ShowRuntime Behavior [ RunTime:0.000820s ]
INFO: [ view_filter ] --END-- [ RunTime:0.003182s ]
INFO: [ view_end ] --START--
INFO: Run ShowPageTrace Behavior [ RunTime:0.000953s ]
INFO: [ view_end ] --END-- [ RunTime:0.001000s ]

[ 2014-03-23T19:32:10+08:00 ] 183.63.97.18 /ts/index.php/Data/menu
INFO: [ route_check ] --START--
INFO: Run CheckRoute Behavior [ RunTime:0.001753s ]
INFO: [ route_check ] --END-- [ RunTime:0.001871s ]
INFO: [ app_begin ] --START--
INFO: Run ReadHtmlCache Behavior [ RunTime:0.001408s ]
INFO: [ app_begin ] --END-- [ RunTime:0.001494s ]
NOTIC: [8] Undefined index: way /www/ApacalBlog/ts/Home/Lib/Custom/Action/HomeBaseAction.class.php 第 36 行.
NOTIC: [8] Undefined index: family /www/ApacalBlog/ts/Home/Lib/Custom/Action/HomeBaseAction.class.php 第 37 行.
NOTIC: [8] Undefined index: searchKind /www/ApacalBlog/ts/Home/Lib/Custom/Action/HomeBaseAction.class.php 第 45 行.
NOTIC: [8] Undefined index: searchKey /www/ApacalBlog/ts/Home/Lib/Custom/Action/HomeBaseAction.class.php 第 46 行.
SQL: SHOW COLUMNS FROM `ts_about_us` [ RunTime:0.000638s ]
SQL: SELECT * FROM `ts_about_us` WHERE open=1 ORDER BY id desc LIMIT 3   [ RunTime:0.000157s ]
SQL: SHOW COLUMNS FROM `ts_progress` [ RunTime:0.000473s ]
SQL: SELECT * FROM `ts_progress` WHERE open=1 ORDER BY id desc LIMIT 3   [ RunTime:0.000099s ]
SQL: SHOW COLUMNS FROM `ts_data` [ RunTime:0.000409s ]
SQL: SELECT * FROM `ts_data` WHERE open=1 ORDER BY id desc LIMIT 12   [ RunTime:0.000069s ]
SQL: SELECT COUNT(*) AS tp_count FROM `ts_data` WHERE ( `open` = 1 ) LIMIT 1   [ RunTime:0.000128s ]
SQL: SELECT * FROM `ts_data` WHERE ( `open` = 1 ) ORDER BY id desc LIMIT 0,20   [ RunTime:0.000071s ]
INFO: [ view_template ] --START--
INFO: Run LocationTemplate Behavior [ RunTime:0.000922s ]
INFO: [ view_template ] --END-- [ RunTime:0.000989s ]
INFO: [ view_parse ] --START--
NOTIC: [8] Undefined index: way /www/ApacalBlog/ts/Home/Runtime/Cache/694c64f37b93e001965f6aa847c61641.php 第 94 行.
NOTIC: [8] Undefined index: searchKind /www/ApacalBlog/ts/Home/Runtime/Cache/694c64f37b93e001965f6aa847c61641.php 第 94 行.
NOTIC: [8] Undefined index: searchKey /www/ApacalBlog/ts/Home/Runtime/Cache/694c64f37b93e001965f6aa847c61641.php 第 94 行.
NOTIC: [8] Undefined index: way /www/ApacalBlog/ts/Home/Runtime/Cache/694c64f37b93e001965f6aa847c61641.php 第 95 行.
NOTIC: [8] Undefined index: searchKind /www/ApacalBlog/ts/Home/Runtime/Cache/694c64f37b93e001965f6aa847c61641.php 第 95 行.
NOTIC: [8] Undefined index: searchKey /www/ApacalBlog/ts/Home/Runtime/Cache/694c64f37b93e001965f6aa847c61641.php 第 95 行.
NOTIC: [8] Undefined index: way /www/ApacalBlog/ts/Home/Runtime/Cache/694c64f37b93e001965f6aa847c61641.php 第 96 行.
NOTIC: [8] Undefined index: searchKind /www/ApacalBlog/ts/Home/Runtime/Cache/694c64f37b93e001965f6aa847c61641.php 第 96 行.
NOTIC: [8] Undefined index: searchKey /www/ApacalBlog/ts/Home/Runtime/Cache/694c64f37b93e001965f6aa847c61641.php 第 96 行.
INFO: Run ParseTemplate Behavior [ RunTime:0.012178s ]
INFO: [ view_parse ] --END-- [ RunTime:0.012276s ]
INFO: [ view_filter ] --START--
INFO: Run ContentReplace Behavior [ RunTime:0.001117s ]
INFO: Run TokenBuild Behavior [ RunTime:0.000880s ]
INFO: Run WriteHtmlCache Behavior [ RunTime:0.000706s ]
INFO: Run ShowRuntime Behavior [ RunTime:0.000898s ]
INFO: [ view_filter ] --END-- [ RunTime:0.003768s ]
INFO: [ view_end ] --START--
INFO: Run ShowPageTrace Behavior [ RunTime:0.001009s ]
INFO: [ view_end ] --END-- [ RunTime:0.001056s ]

[ 2014-03-23T19:32:15+08:00 ] 183.63.97.18 /ts/index.php/Data/menu/p/6
INFO: [ route_check ] --START--
INFO: Run CheckRoute Behavior [ RunTime:0.001085s ]
INFO: [ route_check ] --END-- [ RunTime:0.001165s ]
INFO: [ app_begin ] --START--
INFO: Run ReadHtmlCache Behavior [ RunTime:0.000963s ]
INFO: [ app_begin ] --END-- [ RunTime:0.001015s ]
NOTIC: [8] Undefined index: way /www/ApacalBlog/ts/Home/Lib/Custom/Action/HomeBaseAction.class.php 第 36 行.
NOTIC: [8] Undefined index: family /www/ApacalBlog/ts/Home/Lib/Custom/Action/HomeBaseAction.class.php 第 37 行.
NOTIC: [8] Undefined index: searchKind /www/ApacalBlog/ts/Home/Lib/Custom/Action/HomeBaseAction.class.php 第 45 行.
NOTIC: [8] Undefined index: searchKey /www/ApacalBlog/ts/Home/Lib/Custom/Action/HomeBaseAction.class.php 第 46 行.
SQL: SHOW COLUMNS FROM `ts_about_us` [ RunTime:0.000676s ]
SQL: SELECT * FROM `ts_about_us` WHERE open=1 ORDER BY id desc LIMIT 3   [ RunTime:0.000086s ]
SQL: SHOW COLUMNS FROM `ts_progress` [ RunTime:0.000439s ]
SQL: SELECT * FROM `ts_progress` WHERE open=1 ORDER BY id desc LIMIT 3   [ RunTime:0.000097s ]
SQL: SHOW COLUMNS FROM `ts_data` [ RunTime:0.000410s ]
SQL: SELECT * FROM `ts_data` WHERE open=1 ORDER BY id desc LIMIT 12   [ RunTime:0.000068s ]
SQL: SELECT COUNT(*) AS tp_count FROM `ts_data` WHERE ( `open` = 1 ) LIMIT 1   [ RunTime:0.000130s ]
SQL: SELECT * FROM `ts_data` WHERE ( `open` = 1 ) ORDER BY id desc LIMIT 100,20   [ RunTime:0.000725s ]
INFO: [ view_template ] --START--
INFO: Run LocationTemplate Behavior [ RunTime:0.000767s ]
INFO: [ view_template ] --END-- [ RunTime:0.000822s ]
INFO: [ view_parse ] --START--
NOTIC: [8] Undefined index: way /www/ApacalBlog/ts/Home/Runtime/Cache/694c64f37b93e001965f6aa847c61641.php 第 94 行.
NOTIC: [8] Undefined index: searchKind /www/ApacalBlog/ts/Home/Runtime/Cache/694c64f37b93e001965f6aa847c61641.php 第 94 行.
NOTIC: [8] Undefined index: searchKey /www/ApacalBlog/ts/Home/Runtime/Cache/694c64f37b93e001965f6aa847c61641.php 第 94 行.
NOTIC: [8] Undefined index: way /www/ApacalBlog/ts/Home/Runtime/Cache/694c64f37b93e001965f6aa847c61641.php 第 95 行.
NOTIC: [8] Undefined index: searchKind /www/ApacalBlog/ts/Home/Runtime/Cache/694c64f37b93e001965f6aa847c61641.php 第 95 行.
NOTIC: [8] Undefined index: searchKey /www/ApacalBlog/ts/Home/Runtime/Cache/694c64f37b93e001965f6aa847c61641.php 第 95 行.
NOTIC: [8] Undefined index: way /www/ApacalBlog/ts/Home/Runtime/Cache/694c64f37b93e001965f6aa847c61641.php 第 96 行.
NOTIC: [8] Undefined index: searchKind /www/ApacalBlog/ts/Home/Runtime/Cache/694c64f37b93e001965f6aa847c61641.php 第 96 行.
NOTIC: [8] Undefined index: searchKey /www/ApacalBlog/ts/Home/Runtime/Cache/694c64f37b93e001965f6aa847c61641.php 第 96 行.
INFO: Run ParseTemplate Behavior [ RunTime:0.012430s ]
INFO: [ view_parse ] --END-- [ RunTime:0.012511s ]
INFO: [ view_filter ] --START--
INFO: Run ContentReplace Behavior [ RunTime:0.000846s ]
INFO: Run TokenBuild Behavior [ RunTime:0.000779s ]
INFO: Run WriteHtmlCache Behavior [ RunTime:0.000741s ]
INFO: Run ShowRuntime Behavior [ RunTime:0.000898s ]
INFO: [ view_filter ] --END-- [ RunTime:0.003424s ]
INFO: [ view_end ] --START--
INFO: Run ShowPageTrace Behavior [ RunTime:0.000969s ]
INFO: [ view_end ] --END-- [ RunTime:0.001025s ]

[ 2014-03-23T19:32:19+08:00 ] 183.63.97.18 /ts/index.php/Data/menu/p/5
INFO: [ route_check ] --START--
INFO: Run CheckRoute Behavior [ RunTime:0.001067s ]
INFO: [ route_check ] --END-- [ RunTime:0.001158s ]
INFO: [ app_begin ] --START--
INFO: Run ReadHtmlCache Behavior [ RunTime:0.000877s ]
INFO: [ app_begin ] --END-- [ RunTime:0.000928s ]
NOTIC: [8] Undefined index: way /www/ApacalBlog/ts/Home/Lib/Custom/Action/HomeBaseAction.class.php 第 36 行.
NOTIC: [8] Undefined index: family /www/ApacalBlog/ts/Home/Lib/Custom/Action/HomeBaseAction.class.php 第 37 行.
NOTIC: [8] Undefined index: searchKind /www/ApacalBlog/ts/Home/Lib/Custom/Action/HomeBaseAction.class.php 第 45 行.
NOTIC: [8] Undefined index: searchKey /www/ApacalBlog/ts/Home/Lib/Custom/Action/HomeBaseAction.class.php 第 46 行.
SQL: SHOW COLUMNS FROM `ts_about_us` [ RunTime:0.000629s ]
SQL: SELECT * FROM `ts_about_us` WHERE open=1 ORDER BY id desc LIMIT 3   [ RunTime:0.000085s ]
SQL: SHOW COLUMNS FROM `ts_progress` [ RunTime:0.000405s ]
SQL: SELECT * FROM `ts_progress` WHERE open=1 ORDER BY id desc LIMIT 3   [ RunTime:0.000097s ]
SQL: SHOW COLUMNS FROM `ts_data` [ RunTime:0.000401s ]
SQL: SELECT * FROM `ts_data` WHERE open=1 ORDER BY id desc LIMIT 12   [ RunTime:0.000067s ]
SQL: SELECT COUNT(*) AS tp_count FROM `ts_data` WHERE ( `open` = 1 ) LIMIT 1   [ RunTime:0.000122s ]
SQL: SELECT * FROM `ts_data` WHERE ( `open` = 1 ) ORDER BY id desc LIMIT 80,20   [ RunTime:0.000224s ]
INFO: [ view_template ] --START--
INFO: Run LocationTemplate Behavior [ RunTime:0.000825s ]
INFO: [ view_template ] --END-- [ RunTime:0.000878s ]
INFO: [ view_parse ] --START--
NOTIC: [8] Undefined index: way /www/ApacalBlog/ts/Home/Runtime/Cache/694c64f37b93e001965f6aa847c61641.php 第 94 行.
NOTIC: [8] Undefined index: searchKind /www/ApacalBlog/ts/Home/Runtime/Cache/694c64f37b93e001965f6aa847c61641.php 第 94 行.
NOTIC: [8] Undefined index: searchKey /www/ApacalBlog/ts/Home/Runtime/Cache/694c64f37b93e001965f6aa847c61641.php 第 94 行.
NOTIC: [8] Undefined index: way /www/ApacalBlog/ts/Home/Runtime/Cache/694c64f37b93e001965f6aa847c61641.php 第 95 行.
NOTIC: [8] Undefined index: searchKind /www/ApacalBlog/ts/Home/Runtime/Cache/694c64f37b93e001965f6aa847c61641.php 第 95 行.
NOTIC: [8] Undefined index: searchKey /www/ApacalBlog/ts/Home/Runtime/Cache/694c64f37b93e001965f6aa847c61641.php 第 95 行.
NOTIC: [8] Undefined index: way /www/ApacalBlog/ts/Home/Runtime/Cache/694c64f37b93e001965f6aa847c61641.php 第 96 行.
NOTIC: [8] Undefined index: searchKind /www/ApacalBlog/ts/Home/Runtime/Cache/694c64f37b93e001965f6aa847c61641.php 第 96 行.
NOTIC: [8] Undefined index: searchKey /www/ApacalBlog/ts/Home/Runtime/Cache/694c64f37b93e001965f6aa847c61641.php 第 96 行.
INFO: Run ParseTemplate Behavior [ RunTime:0.010694s ]
INFO: [ view_parse ] --END-- [ RunTime:0.010745s ]
INFO: [ view_filter ] --START--
INFO: Run ContentReplace Behavior [ RunTime:0.000749s ]
INFO: Run TokenBuild Behavior [ RunTime:0.000761s ]
INFO: Run WriteHtmlCache Behavior [ RunTime:0.000684s ]
INFO: Run ShowRuntime Behavior [ RunTime:0.000820s ]
INFO: [ view_filter ] --END-- [ RunTime:0.003151s ]
INFO: [ view_end ] --START--
INFO: Run ShowPageTrace Behavior [ RunTime:0.001220s ]
INFO: [ view_end ] --END-- [ RunTime:0.001266s ]

[ 2014-03-23T19:32:26+08:00 ] 183.63.97.18 /ts/index.php/InitialData/menu
INFO: [ route_check ] --START--
INFO: Run CheckRoute Behavior [ RunTime:0.001884s ]
INFO: [ route_check ] --END-- [ RunTime:0.001962s ]
INFO: [ app_begin ] --START--
INFO: Run ReadHtmlCache Behavior [ RunTime:0.001234s ]
INFO: [ app_begin ] --END-- [ RunTime:0.001288s ]
NOTIC: [8] Undefined index: way /www/ApacalBlog/ts/Home/Lib/Custom/Action/HomeBaseAction.class.php 第 36 行.
NOTIC: [8] Undefined index: family /www/ApacalBlog/ts/Home/Lib/Custom/Action/HomeBaseAction.class.php 第 37 行.
NOTIC: [8] Undefined index: searchKind /www/ApacalBlog/ts/Home/Lib/Custom/Action/HomeBaseAction.class.php 第 45 行.
NOTIC: [8] Undefined index: searchKey /www/ApacalBlog/ts/Home/Lib/Custom/Action/HomeBaseAction.class.php 第 46 行.
SQL: SHOW COLUMNS FROM `ts_about_us` [ RunTime:0.000668s ]
SQL: SELECT * FROM `ts_about_us` WHERE open=1 ORDER BY id desc LIMIT 3   [ RunTime:0.000090s ]
SQL: SHOW COLUMNS FROM `ts_progress` [ RunTime:0.000415s ]
SQL: SELECT * FROM `ts_progress` WHERE open=1 ORDER BY id desc LIMIT 3   [ RunTime:0.000099s ]
SQL: SHOW COLUMNS FROM `ts_data` [ RunTime:0.000409s ]
SQL: SELECT * FROM `ts_data` WHERE open=1 ORDER BY id desc LIMIT 12   [ RunTime:0.000070s ]
SQL: SHOW COLUMNS FROM `ts_initial_data` [ RunTime:0.000510s ]
SQL: SELECT COUNT(*) AS tp_count FROM `ts_initial_data` WHERE ( `open` = 1 ) LIMIT 1   [ RunTime:0.014698s ]
SQL: SELECT * FROM `ts_initial_data` WHERE ( `open` = 1 ) ORDER BY id desc LIMIT 0,20   [ RunTime:0.000527s ]
INFO: [ view_template ] --START--
INFO: Run LocationTemplate Behavior [ RunTime:0.001066s ]
INFO: [ view_template ] --END-- [ RunTime:0.001124s ]
INFO: [ view_parse ] --START--
NOTIC: [8] Undefined index: way /www/ApacalBlog/ts/Home/Runtime/Cache/230cf4b33fc31a0de0504e4d12e0651e.php 第 94 行.
NOTIC: [8] Undefined index: searchKind /www/ApacalBlog/ts/Home/Runtime/Cache/230cf4b33fc31a0de0504e4d12e0651e.php 第 94 行.
NOTIC: [8] Undefined index: searchKey /www/ApacalBlog/ts/Home/Runtime/Cache/230cf4b33fc31a0de0504e4d12e0651e.php 第 94 行.
NOTIC: [8] Undefined index: way /www/ApacalBlog/ts/Home/Runtime/Cache/230cf4b33fc31a0de0504e4d12e0651e.php 第 95 行.
NOTIC: [8] Undefined index: searchKind /www/ApacalBlog/ts/Home/Runtime/Cache/230cf4b33fc31a0de0504e4d12e0651e.php 第 95 行.
NOTIC: [8] Undefined index: searchKey /www/ApacalBlog/ts/Home/Runtime/Cache/230cf4b33fc31a0de0504e4d12e0651e.php 第 95 行.
NOTIC: [8] Undefined index: way /www/ApacalBlog/ts/Home/Runtime/Cache/230cf4b33fc31a0de0504e4d12e0651e.php 第 96 行.
NOTIC: [8] Undefined index: searchKind /www/ApacalBlog/ts/Home/Runtime/Cache/230cf4b33fc31a0de0504e4d12e0651e.php 第 96 行.
NOTIC: [8] Undefined index: searchKey /www/ApacalBlog/ts/Home/Runtime/Cache/230cf4b33fc31a0de0504e4d12e0651e.php 第 96 行.
INFO: Run ParseTemplate Behavior [ RunTime:0.010753s ]
INFO: [ view_parse ] --END-- [ RunTime:0.010868s ]
INFO: [ view_filter ] --START--
INFO: Run ContentReplace Behavior [ RunTime:0.000768s ]
INFO: Run TokenBuild Behavior [ RunTime:0.000768s ]
INFO: Run WriteHtmlCache Behavior [ RunTime:0.000687s ]
INFO: Run ShowRuntime Behavior [ RunTime:0.000827s ]
INFO: [ view_filter ] --END-- [ RunTime:0.003186s ]
INFO: [ view_end ] --START--
INFO: Run ShowPageTrace Behavior [ RunTime:0.000952s ]
INFO: [ view_end ] --END-- [ RunTime:0.000999s ]

[ 2014-03-23T19:32:32+08:00 ] 183.63.97.18 /ts/index.php/InitialData/menu/p/6
INFO: [ route_check ] --START--
INFO: Run CheckRoute Behavior [ RunTime:0.001078s ]
INFO: [ route_check ] --END-- [ RunTime:0.001152s ]
INFO: [ app_begin ] --START--
INFO: Run ReadHtmlCache Behavior [ RunTime:0.000890s ]
INFO: [ app_begin ] --END-- [ RunTime:0.000943s ]
NOTIC: [8] Undefined index: way /www/ApacalBlog/ts/Home/Lib/Custom/Action/HomeBaseAction.class.php 第 36 行.
NOTIC: [8] Undefined index: family /www/ApacalBlog/ts/Home/Lib/Custom/Action/HomeBaseAction.class.php 第 37 行.
NOTIC: [8] Undefined index: searchKind /www/ApacalBlog/ts/Home/Lib/Custom/Action/HomeBaseAction.class.php 第 45 行.
NOTIC: [8] Undefined index: searchKey /www/ApacalBlog/ts/Home/Lib/Custom/Action/HomeBaseAction.class.php 第 46 行.
SQL: SHOW COLUMNS FROM `ts_about_us` [ RunTime:0.000790s ]
SQL: SELECT * FROM `ts_about_us` WHERE open=1 ORDER BY id desc LIMIT 3   [ RunTime:0.000088s ]
SQL: SHOW COLUMNS FROM `ts_progress` [ RunTime:0.000494s ]
SQL: SELECT * FROM `ts_progress` WHERE open=1 ORDER BY id desc LIMIT 3   [ RunTime:0.000099s ]
SQL: SHOW COLUMNS FROM `ts_data` [ RunTime:0.000488s ]
SQL: SELECT * FROM `ts_data` WHERE open=1 ORDER BY id desc LIMIT 12   [ RunTime:0.000077s ]
SQL: SHOW COLUMNS FROM `ts_initial_data` [ RunTime:0.000509s ]
SQL: SELECT COUNT(*) AS tp_count FROM `ts_initial_data` WHERE ( `open` = 1 ) LIMIT 1   [ RunTime:0.000182s ]
SQL: SELECT * FROM `ts_initial_data` WHERE ( `open` = 1 ) ORDER BY id desc LIMIT 100,20   [ RunTime:0.001455s ]
INFO: [ view_template ] --START--
INFO: Run LocationTemplate Behavior [ RunTime:0.000865s ]
INFO: [ view_template ] --END-- [ RunTime:0.000924s ]
INFO: [ view_parse ] --START--
NOTIC: [8] Undefined index: way /www/ApacalBlog/ts/Home/Runtime/Cache/230cf4b33fc31a0de0504e4d12e0651e.php 第 94 行.
NOTIC: [8] Undefined index: searchKind /www/ApacalBlog/ts/Home/Runtime/Cache/230cf4b33fc31a0de0504e4d12e0651e.php 第 94 行.
NOTIC: [8] Undefined index: searchKey /www/ApacalBlog/ts/Home/Runtime/Cache/230cf4b33fc31a0de0504e4d12e0651e.php 第 94 行.
NOTIC: [8] Undefined index: way /www/ApacalBlog/ts/Home/Runtime/Cache/230cf4b33fc31a0de0504e4d12e0651e.php 第 95 行.
NOTIC: [8] Undefined index: searchKind /www/ApacalBlog/ts/Home/Runtime/Cache/230cf4b33fc31a0de0504e4d12e0651e.php 第 95 行.
NOTIC: [8] Undefined index: searchKey /www/ApacalBlog/ts/Home/Runtime/Cache/230cf4b33fc31a0de0504e4d12e0651e.php 第 95 行.
NOTIC: [8] Undefined index: way /www/ApacalBlog/ts/Home/Runtime/Cache/230cf4b33fc31a0de0504e4d12e0651e.php 第 96 行.
NOTIC: [8] Undefined index: searchKind /www/ApacalBlog/ts/Home/Runtime/Cache/230cf4b33fc31a0de0504e4d12e0651e.php 第 96 行.
NOTIC: [8] Undefined index: searchKey /www/ApacalBlog/ts/Home/Runtime/Cache/230cf4b33fc31a0de0504e4d12e0651e.php 第 96 行.
INFO: Run ParseTemplate Behavior [ RunTime:0.011823s ]
INFO: [ view_parse ] --END-- [ RunTime:0.011892s ]
INFO: [ view_filter ] --START--
INFO: Run ContentReplace Behavior [ RunTime:0.000918s ]
INFO: Run TokenBuild Behavior [ RunTime:0.000792s ]
INFO: Run WriteHtmlCache Behavior [ RunTime:0.000707s ]
INFO: Run ShowRuntime Behavior [ RunTime:0.000902s ]
INFO: [ view_filter ] --END-- [ RunTime:0.003470s ]
INFO: [ view_end ] --START--
INFO: Run ShowPageTrace Behavior [ RunTime:0.001013s ]
INFO: [ view_end ] --END-- [ RunTime:0.001060s ]

[ 2014-03-23T19:32:34+08:00 ] 183.63.97.18 /ts/index.php/InitialData/details/id/1591
INFO: [ route_check ] --START--
INFO: Run CheckRoute Behavior [ RunTime:0.001622s ]
INFO: [ route_check ] --END-- [ RunTime:0.001761s ]
INFO: [ app_begin ] --START--
INFO: Run ReadHtmlCache Behavior [ RunTime:0.001065s ]
INFO: [ app_begin ] --END-- [ RunTime:0.001119s ]
SQL: SHOW COLUMNS FROM `ts_about_us` [ RunTime:0.000635s ]
SQL: SELECT * FROM `ts_about_us` WHERE open=1 ORDER BY id desc LIMIT 3   [ RunTime:0.000087s ]
SQL: SHOW COLUMNS FROM `ts_progress` [ RunTime:0.000411s ]
SQL: SELECT * FROM `ts_progress` WHERE open=1 ORDER BY id desc LIMIT 3   [ RunTime:0.000097s ]
SQL: SHOW COLUMNS FROM `ts_data` [ RunTime:0.000442s ]
SQL: SELECT * FROM `ts_data` WHERE open=1 ORDER BY id desc LIMIT 12   [ RunTime:0.000070s ]
SQL: SHOW COLUMNS FROM `ts_initial_data` [ RunTime:0.000406s ]
SQL: SELECT * FROM `ts_initial_data` WHERE ( `id` = 1591 ) LIMIT 1   [ RunTime:0.000270s ]
SQL: SELECT `id`,`title`,`publish_time` FROM `ts_initial_data` WHERE ( `id` < '1591' ) LIMIT 1   [ RunTime:0.000233s ]
SQL: SELECT `id`,`title`,`publish_time` FROM `ts_initial_data` WHERE ( `id` > '1591' ) LIMIT 1   [ RunTime:0.000177s ]
INFO: [ view_template ] --START--
INFO: Run LocationTemplate Behavior [ RunTime:0.000803s ]
INFO: [ view_template ] --END-- [ RunTime:0.000856s ]
INFO: [ view_parse ] --START--
INFO: Run ParseTemplate Behavior [ RunTime:0.012176s ]
INFO: [ view_parse ] --END-- [ RunTime:0.012240s ]
INFO: [ view_filter ] --START--
INFO: Run ContentReplace Behavior [ RunTime:0.000873s ]
INFO: Run TokenBuild Behavior [ RunTime:0.000753s ]
INFO: Run WriteHtmlCache Behavior [ RunTime:0.000688s ]
INFO: Run ShowRuntime Behavior [ RunTime:0.000903s ]
INFO: [ view_filter ] --END-- [ RunTime:0.003365s ]
INFO: [ view_end ] --START--
INFO: Run ShowPageTrace Behavior [ RunTime:0.000871s ]
INFO: [ view_end ] --END-- [ RunTime:0.000919s ]

[ 2014-03-23T19:32:47+08:00 ] 183.63.97.18 /ts/index.php/Index/index
INFO: [ route_check ] --START--
INFO: Run CheckRoute Behavior [ RunTime:0.001366s ]
INFO: [ route_check ] --END-- [ RunTime:0.001446s ]
INFO: [ app_begin ] --START--
INFO: Run ReadHtmlCache Behavior [ RunTime:0.001629s ]
INFO: [ app_begin ] --END-- [ RunTime:0.001685s ]
SQL: SHOW COLUMNS FROM `ts_about_us` [ RunTime:0.000623s ]
SQL: SELECT * FROM `ts_about_us` WHERE open=1 ORDER BY id desc LIMIT 3   [ RunTime:0.000076s ]
SQL: SHOW COLUMNS FROM `ts_progress` [ RunTime:0.000398s ]
SQL: SELECT * FROM `ts_progress` WHERE open=1 ORDER BY id desc LIMIT 3   [ RunTime:0.000083s ]
SQL: SHOW COLUMNS FROM `ts_data` [ RunTime:0.000390s ]
SQL: SELECT * FROM `ts_data` WHERE open=1 ORDER BY id desc LIMIT 12   [ RunTime:0.000060s ]
SQL: SHOW COLUMNS FROM `ts_flash_news` [ RunTime:0.000391s ]
SQL: SELECT * FROM `ts_flash_news` WHERE open=1 ORDER BY position asc  [ RunTime:0.000058s ]
SQL: SELECT * FROM `ts_data` ORDER BY id desc LIMIT 10   [ RunTime:0.000060s ]
SQL: SHOW COLUMNS FROM `ts_home` [ RunTime:0.000400s ]
SQL: SELECT * FROM `ts_home` WHERE open=1 ORDER BY id desc LIMIT 1   [ RunTime:0.000057s ]
INFO: [ view_template ] --START--
INFO: Run LocationTemplate Behavior [ RunTime:0.000756s ]
INFO: [ view_template ] --END-- [ RunTime:0.000806s ]
INFO: [ view_parse ] --START--
INFO: Run ParseTemplate Behavior [ RunTime:0.014368s ]
INFO: [ view_parse ] --END-- [ RunTime:0.014472s ]
INFO: [ view_filter ] --START--
INFO: Run ContentReplace Behavior [ RunTime:0.001435s ]
INFO: Run TokenBuild Behavior [ RunTime:0.001034s ]
INFO: Run WriteHtmlCache Behavior [ RunTime:0.001010s ]
INFO: Run ShowRuntime Behavior [ RunTime:0.001009s ]
INFO: [ view_filter ] --END-- [ RunTime:0.004761s ]
INFO: [ view_end ] --START--
INFO: Run ShowPageTrace Behavior [ RunTime:0.001009s ]
INFO: [ view_end ] --END-- [ RunTime:0.001057s ]

[ 2014-03-23T19:32:53+08:00 ] 183.63.97.18 /ts/index.php/Data/menu
INFO: [ route_check ] --START--
INFO: Run CheckRoute Behavior [ RunTime:0.001094s ]
INFO: [ route_check ] --END-- [ RunTime:0.001169s ]
INFO: [ app_begin ] --START--
INFO: Run ReadHtmlCache Behavior [ RunTime:0.000995s ]
INFO: [ app_begin ] --END-- [ RunTime:0.001053s ]
NOTIC: [8] Undefined index: way /www/ApacalBlog/ts/Home/Lib/Custom/Action/HomeBaseAction.class.php 第 36 行.
NOTIC: [8] Undefined index: family /www/ApacalBlog/ts/Home/Lib/Custom/Action/HomeBaseAction.class.php 第 37 行.
NOTIC: [8] Undefined index: searchKind /www/ApacalBlog/ts/Home/Lib/Custom/Action/HomeBaseAction.class.php 第 45 行.
NOTIC: [8] Undefined index: searchKey /www/ApacalBlog/ts/Home/Lib/Custom/Action/HomeBaseAction.class.php 第 46 行.
SQL: SHOW COLUMNS FROM `ts_about_us` [ RunTime:0.000638s ]
SQL: SELECT * FROM `ts_about_us` WHERE open=1 ORDER BY id desc LIMIT 3   [ RunTime:0.000114s ]
SQL: SHOW COLUMNS FROM `ts_progress` [ RunTime:0.000412s ]
SQL: SELECT * FROM `ts_progress` WHERE open=1 ORDER BY id desc LIMIT 3   [ RunTime:0.000109s ]
SQL: SHOW COLUMNS FROM `ts_data` [ RunTime:0.000398s ]
SQL: SELECT * FROM `ts_data` WHERE open=1 ORDER BY id desc LIMIT 12   [ RunTime:0.000069s ]
SQL: SELECT COUNT(*) AS tp_count FROM `ts_data` WHERE ( `open` = 1 ) LIMIT 1   [ RunTime:0.000128s ]
SQL: SELECT * FROM `ts_data` WHERE ( `open` = 1 ) ORDER BY id desc LIMIT 0,20   [ RunTime:0.000069s ]
INFO: [ view_template ] --START--
INFO: Run LocationTemplate Behavior [ RunTime:0.000741s ]
INFO: [ view_template ] --END-- [ RunTime:0.000793s ]
INFO: [ view_parse ] --START--
NOTIC: [8] Undefined index: way /www/ApacalBlog/ts/Home/Runtime/Cache/694c64f37b93e001965f6aa847c61641.php 第 94 行.
NOTIC: [8] Undefined index: searchKind /www/ApacalBlog/ts/Home/Runtime/Cache/694c64f37b93e001965f6aa847c61641.php 第 94 行.
NOTIC: [8] Undefined index: searchKey /www/ApacalBlog/ts/Home/Runtime/Cache/694c64f37b93e001965f6aa847c61641.php 第 94 行.
NOTIC: [8] Undefined index: way /www/ApacalBlog/ts/Home/Runtime/Cache/694c64f37b93e001965f6aa847c61641.php 第 95 行.
NOTIC: [8] Undefined index: searchKind /www/ApacalBlog/ts/Home/Runtime/Cache/694c64f37b93e001965f6aa847c61641.php 第 95 行.
NOTIC: [8] Undefined index: searchKey /www/ApacalBlog/ts/Home/Runtime/Cache/694c64f37b93e001965f6aa847c61641.php 第 95 行.
NOTIC: [8] Undefined index: way /www/ApacalBlog/ts/Home/Runtime/Cache/694c64f37b93e001965f6aa847c61641.php 第 96 行.
NOTIC: [8] Undefined index: searchKind /www/ApacalBlog/ts/Home/Runtime/Cache/694c64f37b93e001965f6aa847c61641.php 第 96 行.
NOTIC: [8] Undefined index: searchKey /www/ApacalBlog/ts/Home/Runtime/Cache/694c64f37b93e001965f6aa847c61641.php 第 96 行.
INFO: Run ParseTemplate Behavior [ RunTime:0.012426s ]
INFO: [ view_parse ] --END-- [ RunTime:0.012495s ]
INFO: [ view_filter ] --START--
INFO: Run ContentReplace Behavior [ RunTime:0.000854s ]
INFO: Run TokenBuild Behavior [ RunTime:0.000811s ]
INFO: Run WriteHtmlCache Behavior [ RunTime:0.000717s ]
INFO: Run ShowRuntime Behavior [ RunTime:0.000925s ]
INFO: [ view_filter ] --END-- [ RunTime:0.003451s ]
INFO: [ view_end ] --START--
INFO: Run ShowPageTrace Behavior [ RunTime:0.001428s ]
INFO: [ view_end ] --END-- [ RunTime:0.001498s ]

[ 2014-03-23T19:32:56+08:00 ] 183.63.97.18 /ts/index.php/Data/menu/p/2
INFO: [ route_check ] --START--
INFO: Run CheckRoute Behavior [ RunTime:0.001129s ]
INFO: [ route_check ] --END-- [ RunTime:0.001202s ]
INFO: [ app_begin ] --START--
INFO: Run ReadHtmlCache Behavior [ RunTime:0.000898s ]
INFO: [ app_begin ] --END-- [ RunTime:0.000949s ]
NOTIC: [8] Undefined index: way /www/ApacalBlog/ts/Home/Lib/Custom/Action/HomeBaseAction.class.php 第 36 行.
NOTIC: [8] Undefined index: family /www/ApacalBlog/ts/Home/Lib/Custom/Action/HomeBaseAction.class.php 第 37 行.
NOTIC: [8] Undefined index: searchKind /www/ApacalBlog/ts/Home/Lib/Custom/Action/HomeBaseAction.class.php 第 45 行.
NOTIC: [8] Undefined index: searchKey /www/ApacalBlog/ts/Home/Lib/Custom/Action/HomeBaseAction.class.php 第 46 行.
SQL: SHOW COLUMNS FROM `ts_about_us` [ RunTime:0.000785s ]
SQL: SELECT * FROM `ts_about_us` WHERE open=1 ORDER BY id desc LIMIT 3   [ RunTime:0.000107s ]
SQL: SHOW COLUMNS FROM `ts_progress` [ RunTime:0.000623s ]
SQL: SELECT * FROM `ts_progress` WHERE open=1 ORDER BY id desc LIMIT 3   [ RunTime:0.000088s ]
SQL: SHOW COLUMNS FROM `ts_data` [ RunTime:0.000403s ]
SQL: SELECT * FROM `ts_data` WHERE open=1 ORDER BY id desc LIMIT 12   [ RunTime:0.000062s ]
SQL: SELECT COUNT(*) AS tp_count FROM `ts_data` WHERE ( `open` = 1 ) LIMIT 1   [ RunTime:0.000311s ]
SQL: SELECT * FROM `ts_data` WHERE ( `open` = 1 ) ORDER BY id desc LIMIT 20,20   [ RunTime:0.000368s ]
INFO: [ view_template ] --START--
INFO: Run LocationTemplate Behavior [ RunTime:0.000909s ]
INFO: [ view_template ] --END-- [ RunTime:0.000965s ]
INFO: [ view_parse ] --START--
NOTIC: [8] Undefined index: way /www/ApacalBlog/ts/Home/Runtime/Cache/694c64f37b93e001965f6aa847c61641.php 第 94 行.
NOTIC: [8] Undefined index: searchKind /www/ApacalBlog/ts/Home/Runtime/Cache/694c64f37b93e001965f6aa847c61641.php 第 94 行.
NOTIC: [8] Undefined index: searchKey /www/ApacalBlog/ts/Home/Runtime/Cache/694c64f37b93e001965f6aa847c61641.php 第 94 行.
NOTIC: [8] Undefined index: way /www/ApacalBlog/ts/Home/Runtime/Cache/694c64f37b93e001965f6aa847c61641.php 第 95 行.
NOTIC: [8] Undefined index: searchKind /www/ApacalBlog/ts/Home/Runtime/Cache/694c64f37b93e001965f6aa847c61641.php 第 95 行.
NOTIC: [8] Undefined index: searchKey /www/ApacalBlog/ts/Home/Runtime/Cache/694c64f37b93e001965f6aa847c61641.php 第 95 行.
NOTIC: [8] Undefined index: way /www/ApacalBlog/ts/Home/Runtime/Cache/694c64f37b93e001965f6aa847c61641.php 第 96 行.
NOTIC: [8] Undefined index: searchKind /www/ApacalBlog/ts/Home/Runtime/Cache/694c64f37b93e001965f6aa847c61641.php 第 96 行.
NOTIC: [8] Undefined index: searchKey /www/ApacalBlog/ts/Home/Runtime/Cache/694c64f37b93e001965f6aa847c61641.php 第 96 行.
INFO: Run ParseTemplate Behavior [ RunTime:0.011550s ]
INFO: [ view_parse ] --END-- [ RunTime:0.011616s ]
INFO: [ view_filter ] --START--
INFO: Run ContentReplace Behavior [ RunTime:0.001151s ]
INFO: Run TokenBuild Behavior [ RunTime:0.000893s ]
INFO: Run WriteHtmlCache Behavior [ RunTime:0.000756s ]
INFO: Run ShowRuntime Behavior [ RunTime:0.000885s ]
INFO: [ view_filter ] --END-- [ RunTime:0.003859s ]
INFO: [ view_end ] --START--
INFO: Run ShowPageTrace Behavior [ RunTime:0.001019s ]
INFO: [ view_end ] --END-- [ RunTime:0.001065s ]

[ 2014-03-23T19:32:59+08:00 ] 183.63.97.18 /ts/index.php/Data/menu/p/3
INFO: [ route_check ] --START--
INFO: Run CheckRoute Behavior [ RunTime:0.001062s ]
INFO: [ route_check ] --END-- [ RunTime:0.001135s ]
INFO: [ app_begin ] --START--
INFO: Run ReadHtmlCache Behavior [ RunTime:0.000891s ]
INFO: [ app_begin ] --END-- [ RunTime:0.000941s ]
NOTIC: [8] Undefined index: way /www/ApacalBlog/ts/Home/Lib/Custom/Action/HomeBaseAction.class.php 第 36 行.
NOTIC: [8] Undefined index: family /www/ApacalBlog/ts/Home/Lib/Custom/Action/HomeBaseAction.class.php 第 37 行.
NOTIC: [8] Undefined index: searchKind /www/ApacalBlog/ts/Home/Lib/Custom/Action/HomeBaseAction.class.php 第 45 行.
NOTIC: [8] Undefined index: searchKey /www/ApacalBlog/ts/Home/Lib/Custom/Action/HomeBaseAction.class.php 第 46 行.
SQL: SHOW COLUMNS FROM `ts_about_us` [ RunTime:0.000634s ]
SQL: SELECT * FROM `ts_about_us` WHERE open=1 ORDER BY id desc LIMIT 3   [ RunTime:0.000085s ]
SQL: SHOW COLUMNS FROM `ts_progress` [ RunTime:0.000411s ]
SQL: SELECT * FROM `ts_progress` WHERE open=1 ORDER BY id desc LIMIT 3   [ RunTime:0.000118s ]
SQL: SHOW COLUMNS FROM `ts_data` [ RunTime:0.000401s ]
SQL: SELECT * FROM `ts_data` WHERE open=1 ORDER BY id desc LIMIT 12   [ RunTime:0.000067s ]
SQL: SELECT COUNT(*) AS tp_count FROM `ts_data` WHERE ( `open` = 1 ) LIMIT 1   [ RunTime:0.000120s ]
SQL: SELECT * FROM `ts_data` WHERE ( `open` = 1 ) ORDER BY id desc LIMIT 40,20   [ RunTime:0.000127s ]
INFO: [ view_template ] --START--
INFO: Run LocationTemplate Behavior [ RunTime:0.000719s ]
INFO: [ view_template ] --END-- [ RunTime:0.000772s ]
INFO: [ view_parse ] --START--
NOTIC: [8] Undefined index: way /www/ApacalBlog/ts/Home/Runtime/Cache/694c64f37b93e001965f6aa847c61641.php 第 94 行.
NOTIC: [8] Undefined index: searchKind /www/ApacalBlog/ts/Home/Runtime/Cache/694c64f37b93e001965f6aa847c61641.php 第 94 行.
NOTIC: [8] Undefined index: searchKey /www/ApacalBlog/ts/Home/Runtime/Cache/694c64f37b93e001965f6aa847c61641.php 第 94 行.
NOTIC: [8] Undefined index: way /www/ApacalBlog/ts/Home/Runtime/Cache/694c64f37b93e001965f6aa847c61641.php 第 95 行.
NOTIC: [8] Undefined index: searchKind /www/ApacalBlog/ts/Home/Runtime/Cache/694c64f37b93e001965f6aa847c61641.php 第 95 行.
NOTIC: [8] Undefined index: searchKey /www/ApacalBlog/ts/Home/Runtime/Cache/694c64f37b93e001965f6aa847c61641.php 第 95 行.
NOTIC: [8] Undefined index: way /www/ApacalBlog/ts/Home/Runtime/Cache/694c64f37b93e001965f6aa847c61641.php 第 96 行.
NOTIC: [8] Undefined index: searchKind /www/ApacalBlog/ts/Home/Runtime/Cache/694c64f37b93e001965f6aa847c61641.php 第 96 行.
NOTIC: [8] Undefined index: searchKey /www/ApacalBlog/ts/Home/Runtime/Cache/694c64f37b93e001965f6aa847c61641.php 第 96 行.
INFO: Run ParseTemplate Behavior [ RunTime:0.010674s ]
INFO: [ view_parse ] --END-- [ RunTime:0.010786s ]
INFO: [ view_filter ] --START--
INFO: Run ContentReplace Behavior [ RunTime:0.000788s ]
INFO: Run TokenBuild Behavior [ RunTime:0.000768s ]
INFO: Run WriteHtmlCache Behavior [ RunTime:0.000702s ]
INFO: Run ShowRuntime Behavior [ RunTime:0.000858s ]
INFO: [ view_filter ] --END-- [ RunTime:0.003254s ]
INFO: [ view_end ] --START--
INFO: Run ShowPageTrace Behavior [ RunTime:0.000923s ]
INFO: [ view_end ] --END-- [ RunTime:0.000967s ]

[ 2014-03-23T19:33:31+08:00 ] 183.63.97.18 /ts/index.php/Index/login
INFO: [ route_check ] --START--
INFO: Run CheckRoute Behavior [ RunTime:0.001090s ]
INFO: [ route_check ] --END-- [ RunTime:0.001176s ]
INFO: [ app_begin ] --START--
INFO: Run ReadHtmlCache Behavior [ RunTime:0.000910s ]
INFO: [ app_begin ] --END-- [ RunTime:0.000961s ]
INFO: [ view_template ] --START--
INFO: Run LocationTemplate Behavior [ RunTime:0.000808s ]
INFO: [ view_template ] --END-- [ RunTime:0.000872s ]
INFO: [ view_parse ] --START--
NOTIC: [8] Undefined index: returnUrl /www/ApacalBlog/ts/Home/Runtime/Cache/aa50cc7a5c527349b7f485385d9abd5a.php 第 51 行.
INFO: Run ParseTemplate Behavior [ RunTime:0.008776s ]
INFO: [ view_parse ] --END-- [ RunTime:0.008825s ]
INFO: [ view_filter ] --START--
INFO: Run ContentReplace Behavior [ RunTime:0.000787s ]
INFO: Run TokenBuild Behavior [ RunTime:0.000782s ]
INFO: Run WriteHtmlCache Behavior [ RunTime:0.000694s ]
INFO: Run ShowRuntime Behavior [ RunTime:0.000940s ]
INFO: [ view_filter ] --END-- [ RunTime:0.003345s ]
INFO: [ view_end ] --START--
INFO: Run ShowPageTrace Behavior [ RunTime:0.000947s ]
INFO: [ view_end ] --END-- [ RunTime:0.000994s ]

[ 2014-03-23T19:33:32+08:00 ] 183.63.97.18 /ts/index.php/Index/verify/
INFO: [ route_check ] --START--
INFO: Run CheckRoute Behavior [ RunTime:0.001129s ]
INFO: [ route_check ] --END-- [ RunTime:0.001204s ]
INFO: [ app_begin ] --START--
INFO: Run ReadHtmlCache Behavior [ RunTime:0.000882s ]
INFO: [ app_begin ] --END-- [ RunTime:0.000933s ]

[ 2014-03-23T19:33:47+08:00 ] 183.63.97.18 /ts/index.php/Index/check_login/
INFO: [ route_check ] --START--
INFO: Run CheckRoute Behavior [ RunTime:0.001076s ]
INFO: [ route_check ] --END-- [ RunTime:0.001149s ]
INFO: [ app_begin ] --START--
INFO: Run ReadHtmlCache Behavior [ RunTime:0.000907s ]
INFO: [ app_begin ] --END-- [ RunTime:0.000961s ]
SQL: SHOW COLUMNS FROM `ts_user` [ RunTime:0.000804s ]
SQL: SELECT * FROM `ts_user` WHERE ( `name` = 'admin' ) LIMIT 1   [ RunTime:0.000197s ]
SQL: UPDATE `ts_user` SET `last_login_time`=1395574427,`login_count`=login_count+1,`last_login_ip`='183.63.97.18' WHERE ( `id` = 7 ) [ RunTime:0.000189s ]
INFO: [ view_template ] --START--
INFO: Run LocationTemplate Behavior [ RunTime:0.000728s ]
INFO: [ view_template ] --END-- [ RunTime:0.000780s ]
INFO: [ view_parse ] --START--
INFO: Run ParseTemplate Behavior [ RunTime:0.008932s ]
INFO: [ view_parse ] --END-- [ RunTime:0.008991s ]
INFO: [ view_filter ] --START--
INFO: Run ContentReplace Behavior [ RunTime:0.000757s ]
INFO: Run TokenBuild Behavior [ RunTime:0.000784s ]
INFO: Run WriteHtmlCache Behavior [ RunTime:0.000700s ]
INFO: Run ShowRuntime Behavior [ RunTime:0.000847s ]
INFO: [ view_filter ] --END-- [ RunTime:0.003230s ]
INFO: [ view_end ] --START--
INFO: Run ShowPageTrace Behavior [ RunTime:0.000979s ]
INFO: [ view_end ] --END-- [ RunTime:0.001032s ]

[ 2014-03-23T19:33:48+08:00 ] 183.63.97.18 /ts/index.php/Index/index
INFO: [ route_check ] --START--
INFO: Run CheckRoute Behavior [ RunTime:0.001187s ]
INFO: [ route_check ] --END-- [ RunTime:0.001279s ]
INFO: [ app_begin ] --START--
INFO: Run ReadHtmlCache Behavior [ RunTime:0.000921s ]
INFO: [ app_begin ] --END-- [ RunTime:0.000972s ]
SQL: SHOW COLUMNS FROM `ts_about_us` [ RunTime:0.000618s ]
SQL: SELECT * FROM `ts_about_us` WHERE open=1 ORDER BY id desc LIMIT 3   [ RunTime:0.000085s ]
SQL: SHOW COLUMNS FROM `ts_progress` [ RunTime:0.000408s ]
SQL: SELECT * FROM `ts_progress` WHERE open=1 ORDER BY id desc LIMIT 3   [ RunTime:0.000124s ]
SQL: SHOW COLUMNS FROM `ts_data` [ RunTime:0.000399s ]
SQL: SELECT * FROM `ts_data` WHERE open=1 ORDER BY id desc LIMIT 12   [ RunTime:0.000068s ]
SQL: SHOW COLUMNS FROM `ts_flash_news` [ RunTime:0.000411s ]
SQL: SELECT * FROM `ts_flash_news` WHERE open=1 ORDER BY position asc  [ RunTime:0.000066s ]
SQL: SELECT * FROM `ts_data` ORDER BY id desc LIMIT 10   [ RunTime:0.000064s ]
SQL: SHOW COLUMNS FROM `ts_home` [ RunTime:0.000405s ]
SQL: SELECT * FROM `ts_home` WHERE open=1 ORDER BY id desc LIMIT 1   [ RunTime:0.000065s ]
INFO: [ view_template ] --START--
INFO: Run LocationTemplate Behavior [ RunTime:0.000749s ]
INFO: [ view_template ] --END-- [ RunTime:0.000798s ]
INFO: [ view_parse ] --START--
INFO: Run ParseTemplate Behavior [ RunTime:0.013614s ]
INFO: [ view_parse ] --END-- [ RunTime:0.013700s ]
INFO: [ view_filter ] --START--
INFO: Run ContentReplace Behavior [ RunTime:0.001218s ]
INFO: Run TokenBuild Behavior [ RunTime:0.001173s ]
INFO: Run WriteHtmlCache Behavior [ RunTime:0.001104s ]
INFO: Run ShowRuntime Behavior [ RunTime:0.001410s ]
INFO: [ view_filter ] --END-- [ RunTime:0.005147s ]
INFO: [ view_end ] --START--
INFO: Run ShowPageTrace Behavior [ RunTime:0.001223s ]
INFO: [ view_end ] --END-- [ RunTime:0.001287s ]

[ 2014-03-23T19:33:53+08:00 ] 183.63.97.18 /ts/index.php/Data/menu
INFO: [ route_check ] --START--
INFO: Run CheckRoute Behavior [ RunTime:0.001139s ]
INFO: [ route_check ] --END-- [ RunTime:0.001219s ]
INFO: [ app_begin ] --START--
INFO: Run ReadHtmlCache Behavior [ RunTime:0.000913s ]
INFO: [ app_begin ] --END-- [ RunTime:0.000963s ]
NOTIC: [8] Undefined index: way /www/ApacalBlog/ts/Home/Lib/Custom/Action/HomeBaseAction.class.php 第 36 行.
NOTIC: [8] Undefined index: family /www/ApacalBlog/ts/Home/Lib/Custom/Action/HomeBaseAction.class.php 第 37 行.
NOTIC: [8] Undefined index: searchKind /www/ApacalBlog/ts/Home/Lib/Custom/Action/HomeBaseAction.class.php 第 45 行.
NOTIC: [8] Undefined index: searchKey /www/ApacalBlog/ts/Home/Lib/Custom/Action/HomeBaseAction.class.php 第 46 行.
SQL: SHOW COLUMNS FROM `ts_about_us` [ RunTime:0.000629s ]
SQL: SELECT * FROM `ts_about_us` WHERE open=1 ORDER BY id desc LIMIT 3   [ RunTime:0.000078s ]
SQL: SHOW COLUMNS FROM `ts_progress` [ RunTime:0.000397s ]
SQL: SELECT * FROM `ts_progress` WHERE open=1 ORDER BY id desc LIMIT 3   [ RunTime:0.000084s ]
SQL: SHOW COLUMNS FROM `ts_data` [ RunTime:0.000390s ]
SQL: SELECT * FROM `ts_data` WHERE open=1 ORDER BY id desc LIMIT 12   [ RunTime:0.000067s ]
SQL: SELECT COUNT(*) AS tp_count FROM `ts_data` WHERE ( `open` = 1 ) LIMIT 1   [ RunTime:0.000116s ]
SQL: SELECT * FROM `ts_data` WHERE ( `open` = 1 ) ORDER BY id desc LIMIT 0,20   [ RunTime:0.000064s ]
INFO: [ view_template ] --START--
INFO: Run LocationTemplate Behavior [ RunTime:0.000723s ]
INFO: [ view_template ] --END-- [ RunTime:0.000777s ]
INFO: [ view_parse ] --START--
NOTIC: [8] Undefined index: way /www/ApacalBlog/ts/Home/Runtime/Cache/694c64f37b93e001965f6aa847c61641.php 第 94 行.
NOTIC: [8] Undefined index: searchKind /www/ApacalBlog/ts/Home/Runtime/Cache/694c64f37b93e001965f6aa847c61641.php 第 94 行.
NOTIC: [8] Undefined index: searchKey /www/ApacalBlog/ts/Home/Runtime/Cache/694c64f37b93e001965f6aa847c61641.php 第 94 行.
NOTIC: [8] Undefined index: way /www/ApacalBlog/ts/Home/Runtime/Cache/694c64f37b93e001965f6aa847c61641.php 第 95 行.
NOTIC: [8] Undefined index: searchKind /www/ApacalBlog/ts/Home/Runtime/Cache/694c64f37b93e001965f6aa847c61641.php 第 95 行.
NOTIC: [8] Undefined index: searchKey /www/ApacalBlog/ts/Home/Runtime/Cache/694c64f37b93e001965f6aa847c61641.php 第 95 行.
NOTIC: [8] Undefined index: way /www/ApacalBlog/ts/Home/Runtime/Cache/694c64f37b93e001965f6aa847c61641.php 第 96 行.
NOTIC: [8] Undefined index: searchKind /www/ApacalBlog/ts/Home/Runtime/Cache/694c64f37b93e001965f6aa847c61641.php 第 96 行.
NOTIC: [8] Undefined index: searchKey /www/ApacalBlog/ts/Home/Runtime/Cache/694c64f37b93e001965f6aa847c61641.php 第 96 行.
INFO: Run ParseTemplate Behavior [ RunTime:0.011493s ]
INFO: [ view_parse ] --END-- [ RunTime:0.011560s ]
INFO: [ view_filter ] --START--
INFO: Run ContentReplace Behavior [ RunTime:0.000767s ]
INFO: Run TokenBuild Behavior [ RunTime:0.000766s ]
INFO: Run WriteHtmlCache Behavior [ RunTime:0.000717s ]
INFO: Run ShowRuntime Behavior [ RunTime:0.000898s ]
INFO: [ view_filter ] --END-- [ RunTime:0.003289s ]
INFO: [ view_end ] --START--
INFO: Run ShowPageTrace Behavior [ RunTime:0.000925s ]
INFO: [ view_end ] --END-- [ RunTime:0.000972s ]

[ 2014-03-23T19:33:56+08:00 ] 183.63.97.18 /ts/index.php/Data/menu/p/6
INFO: [ route_check ] --START--
INFO: Run CheckRoute Behavior [ RunTime:0.001082s ]
INFO: [ route_check ] --END-- [ RunTime:0.001156s ]
INFO: [ app_begin ] --START--
INFO: Run ReadHtmlCache Behavior [ RunTime:0.001312s ]
INFO: [ app_begin ] --END-- [ RunTime:0.001475s ]
NOTIC: [8] Undefined index: way /www/ApacalBlog/ts/Home/Lib/Custom/Action/HomeBaseAction.class.php 第 36 行.
NOTIC: [8] Undefined index: family /www/ApacalBlog/ts/Home/Lib/Custom/Action/HomeBaseAction.class.php 第 37 行.
NOTIC: [8] Undefined index: searchKind /www/ApacalBlog/ts/Home/Lib/Custom/Action/HomeBaseAction.class.php 第 45 行.
NOTIC: [8] Undefined index: searchKey /www/ApacalBlog/ts/Home/Lib/Custom/Action/HomeBaseAction.class.php 第 46 行.
SQL: SHOW COLUMNS FROM `ts_about_us` [ RunTime:0.000645s ]
SQL: SELECT * FROM `ts_about_us` WHERE open=1 ORDER BY id desc LIMIT 3   [ RunTime:0.000087s ]
SQL: SHOW COLUMNS FROM `ts_progress` [ RunTime:0.000413s ]
SQL: SELECT * FROM `ts_progress` WHERE open=1 ORDER BY id desc LIMIT 3   [ RunTime:0.000098s ]
SQL: SHOW COLUMNS FROM `ts_data` [ RunTime:0.000406s ]
SQL: SELECT * FROM `ts_data` WHERE open=1 ORDER BY id desc LIMIT 12   [ RunTime:0.000070s ]
SQL: SELECT COUNT(*) AS tp_count FROM `ts_data` WHERE ( `open` = 1 ) LIMIT 1   [ RunTime:0.000126s ]
SQL: SELECT * FROM `ts_data` WHERE ( `open` = 1 ) ORDER BY id desc LIMIT 100,20   [ RunTime:0.000240s ]
INFO: [ view_template ] --START--
INFO: Run LocationTemplate Behavior [ RunTime:0.000757s ]
INFO: [ view_template ] --END-- [ RunTime:0.000818s ]
INFO: [ view_parse ] --START--
NOTIC: [8] Undefined index: way /www/ApacalBlog/ts/Home/Runtime/Cache/694c64f37b93e001965f6aa847c61641.php 第 94 行.
NOTIC: [8] Undefined index: searchKind /www/ApacalBlog/ts/Home/Runtime/Cache/694c64f37b93e001965f6aa847c61641.php 第 94 行.
NOTIC: [8] Undefined index: searchKey /www/ApacalBlog/ts/Home/Runtime/Cache/694c64f37b93e001965f6aa847c61641.php 第 94 行.
NOTIC: [8] Undefined index: way /www/ApacalBlog/ts/Home/Runtime/Cache/694c64f37b93e001965f6aa847c61641.php 第 95 行.
NOTIC: [8] Undefined index: searchKind /www/ApacalBlog/ts/Home/Runtime/Cache/694c64f37b93e001965f6aa847c61641.php 第 95 行.
NOTIC: [8] Undefined index: searchKey /www/ApacalBlog/ts/Home/Runtime/Cache/694c64f37b93e001965f6aa847c61641.php 第 95 行.
NOTIC: [8] Undefined index: way /www/ApacalBlog/ts/Home/Runtime/Cache/694c64f37b93e001965f6aa847c61641.php 第 96 行.
NOTIC: [8] Undefined index: searchKind /www/ApacalBlog/ts/Home/Runtime/Cache/694c64f37b93e001965f6aa847c61641.php 第 96 行.
NOTIC: [8] Undefined index: searchKey /www/ApacalBlog/ts/Home/Runtime/Cache/694c64f37b93e001965f6aa847c61641.php 第 96 行.
INFO: Run ParseTemplate Behavior [ RunTime:0.010788s ]
INFO: [ view_parse ] --END-- [ RunTime:0.010841s ]
INFO: [ view_filter ] --START--
INFO: Run ContentReplace Behavior [ RunTime:0.000767s ]
INFO: Run TokenBuild Behavior [ RunTime:0.000807s ]
INFO: Run WriteHtmlCache Behavior [ RunTime:0.000700s ]
INFO: Run ShowRuntime Behavior [ RunTime:0.000868s ]
INFO: [ view_filter ] --END-- [ RunTime:0.003282s ]
INFO: [ view_end ] --START--
INFO: Run ShowPageTrace Behavior [ RunTime:0.001137s ]
INFO: [ view_end ] --END-- [ RunTime:0.001187s ]

[ 2014-03-23T19:33:58+08:00 ] 183.63.97.18 /ts/index.php/Data/details/id/1603
INFO: [ route_check ] --START--
INFO: Run CheckRoute Behavior [ RunTime:0.001256s ]
INFO: [ route_check ] --END-- [ RunTime:0.001332s ]
INFO: [ app_begin ] --START--
INFO: Run ReadHtmlCache Behavior [ RunTime:0.000897s ]
INFO: [ app_begin ] --END-- [ RunTime:0.000950s ]
SQL: SHOW COLUMNS FROM `ts_about_us` [ RunTime:0.000613s ]
SQL: SELECT * FROM `ts_about_us` WHERE open=1 ORDER BY id desc LIMIT 3   [ RunTime:0.000080s ]
SQL: SHOW COLUMNS FROM `ts_progress` [ RunTime:0.000404s ]
SQL: SELECT * FROM `ts_progress` WHERE open=1 ORDER BY id desc LIMIT 3   [ RunTime:0.000085s ]
SQL: SHOW COLUMNS FROM `ts_data` [ RunTime:0.000397s ]
SQL: SELECT * FROM `ts_data` WHERE open=1 ORDER BY id desc LIMIT 12   [ RunTime:0.000061s ]
SQL: SELECT * FROM `ts_data` WHERE id=1603 LIMIT 1   [ RunTime:0.000206s ]
SQL: UPDATE `ts_data` SET `click`=click+1 WHERE id=1603 [ RunTime:0.000247s ]
SQL: SELECT `id`,`title`,`publish_time` FROM `ts_data` WHERE ( `id` < '1603' ) LIMIT 1   [ RunTime:0.000202s ]
SQL: SELECT `id`,`title`,`publish_time` FROM `ts_data` WHERE ( `id` > '1603' ) LIMIT 1   [ RunTime:0.000258s ]
INFO: [ view_template ] --START--
INFO: Run LocationTemplate Behavior [ RunTime:0.000904s ]
INFO: [ view_template ] --END-- [ RunTime:0.000973s ]
INFO: [ view_parse ] --START--
INFO: Run ParseTemplate Behavior [ RunTime:0.011638s ]
INFO: [ view_parse ] --END-- [ RunTime:0.011695s ]
INFO: [ view_filter ] --START--
INFO: Run ContentReplace Behavior [ RunTime:0.000783s ]
INFO: Run TokenBuild Behavior [ RunTime:0.000783s ]
INFO: Run WriteHtmlCache Behavior [ RunTime:0.000765s ]
INFO: Run ShowRuntime Behavior [ RunTime:0.000938s ]
INFO: [ view_filter ] --END-- [ RunTime:0.003417s ]
INFO: [ view_end ] --START--
INFO: Run ShowPageTrace Behavior [ RunTime:0.000965s ]
INFO: [ view_end ] --END-- [ RunTime:0.001018s ]

